<?xml version="1.0" encoding="UTF-8"?>
<!-- Generated by org.testng.reporters.JUnitXMLReporter -->
<testsuite ignored="0" hostname="Paresh" failures="6" tests="22" name="Test" time="654.189" errors="0" timestamp="2024-12-17T09:46:46 IST">
  <testcase classname="TestCases.VerifyTagTest" name="tagTestSteps" time="57.815"/>
  <testcase classname="TestCases.VerifyTagTest" name="tagTestSteps" time="52.549"/>
  <testcase classname="TestCases.VerifyTagTest" name="tagTestSteps" time="54.13"/>
  <testcase classname="TestCases.VerifyTagTest" name="tagTestSteps" time="53.963"/>
  <testcase classname="TestCases.VerifyTagTest" name="tagTestSteps" time="43.178">
    <skipped/>
  </testcase> <!-- tagTestSteps -->
  <testcase classname="TestCases.VerifyTagTest" name="tagTestSteps" time="44.55">
    <skipped/>
  </testcase> <!-- tagTestSteps -->
  <testcase classname="TestCases.VerifyTagTest" name="tagTestSteps" time="42.539">
    <failure type="org.openqa.selenium.NoSuchElementException" message="no such element: Unable to locate element: {&amp;quot;method&amp;quot;:&amp;quot;css selector&amp;quot;,&amp;quot;selector&amp;quot;:&amp;quot;.__TAG_ASSISTANT_BADGE&amp;quot;}
  (Session info: chrome=131.0.6778.140)
For documentation on this error, please visit: https://www.selenium.dev/documentation/webdriver/troubleshooting/errors#no-such-element-exception
Build info: version: &amp;apos;4.19.1&amp;apos;, revision: &amp;apos;abe0ee07dc&amp;apos;
System info: os.name: &amp;apos;Windows 11&amp;apos;, os.arch: &amp;apos;amd64&amp;apos;, os.version: &amp;apos;10.0&amp;apos;, java.version: &amp;apos;21.0.2&amp;apos;
Driver info: org.openqa.selenium.chrome.ChromeDriver
Command: [594f7e4ad715a299e6b585343bd0e122, findElement {value=__TAG_ASSISTANT_BADGE, using=class name}]
Capabilities {acceptInsecureCerts: false, browserName: chrome, browserVersion: 131.0.6778.140, chrome: {chromedriverVersion: 131.0.6778.108 (3b014839fbc..., userDataDir: C:\Temp\scoped_dir20736_208...}, fedcm:accounts: true, goog:chromeOptions: {debuggerAddress: localhost:51149}, networkConnectionEnabled: false, pageLoadStrategy: normal, platformName: windows, proxy: Proxy(), se:cdp: ws://localhost:51149/devtoo..., se:cdpVersion: 131.0.6778.140, setWindowRect: true, strictFileInteractability: false, timeouts: {implicit: 0, pageLoad: 300000, script: 30000}, unhandledPromptBehavior: dismiss and notify, webauthn:extension:credBlob: true, webauthn:extension:largeBlob: true, webauthn:extension:minPinLength: true, webauthn:extension:prf: true, webauthn:virtualAuthenticators: true}
Session ID: 594f7e4ad715a299e6b585343bd0e122">
      <![CDATA[org.openqa.selenium.NoSuchElementException: no such element: Unable to locate element: {"method":"css selector","selector":".__TAG_ASSISTANT_BADGE"}
  (Session info: chrome=131.0.6778.140)
For documentation on this error, please visit: https://www.selenium.dev/documentation/webdriver/troubleshooting/errors#no-such-element-exception
Build info: version: '4.19.1', revision: 'abe0ee07dc'
System info: os.name: 'Windows 11', os.arch: 'amd64', os.version: '10.0', java.version: '21.0.2'
Driver info: org.openqa.selenium.chrome.ChromeDriver
Command: [594f7e4ad715a299e6b585343bd0e122, findElement {value=__TAG_ASSISTANT_BADGE, using=class name}]
Capabilities {acceptInsecureCerts: false, browserName: chrome, browserVersion: 131.0.6778.140, chrome: {chromedriverVersion: 131.0.6778.108 (3b014839fbc..., userDataDir: C:\Temp\scoped_dir20736_208...}, fedcm:accounts: true, goog:chromeOptions: {debuggerAddress: localhost:51149}, networkConnectionEnabled: false, pageLoadStrategy: normal, platformName: windows, proxy: Proxy(), se:cdp: ws://localhost:51149/devtoo..., se:cdpVersion: 131.0.6778.140, setWindowRect: true, strictFileInteractability: false, timeouts: {implicit: 0, pageLoad: 300000, script: 30000}, unhandledPromptBehavior: dismiss and notify, webauthn:extension:credBlob: true, webauthn:extension:largeBlob: true, webauthn:extension:minPinLength: true, webauthn:extension:prf: true, webauthn:virtualAuthenticators: true}
Session ID: 594f7e4ad715a299e6b585343bd0e122
at org.openqa.selenium.remote.ErrorCodec.decode(ErrorCodec.java:167)
at org.openqa.selenium.remote.codec.w3c.W3CHttpResponseCodec.decode(W3CHttpResponseCodec.java:138)
at org.openqa.selenium.remote.codec.w3c.W3CHttpResponseCodec.decode(W3CHttpResponseCodec.java:50)
at org.openqa.selenium.remote.HttpCommandExecutor.execute(HttpCommandExecutor.java:190)
at org.openqa.selenium.remote.service.DriverCommandExecutor.invokeExecute(DriverCommandExecutor.java:216)
at org.openqa.selenium.remote.service.DriverCommandExecutor.execute(DriverCommandExecutor.java:174)
at org.openqa.selenium.remote.RemoteWebDriver.execute(RemoteWebDriver.java:518)
at org.openqa.selenium.remote.ElementLocation$ElementFinder$2.findElement(ElementLocation.java:165)
at org.openqa.selenium.remote.ElementLocation.findElement(ElementLocation.java:59)
at org.openqa.selenium.remote.RemoteWebDriver.findElement(RemoteWebDriver.java:355)
at org.openqa.selenium.remote.RemoteWebDriver.findElement(RemoteWebDriver.java:349)
at pom.pageElements.steps(pageElements.java:52)
at TestCases.VerifyTagTest.tagTestSteps(VerifyTagTest.java:20)
at java.base/java.util.ArrayList.forEach(ArrayList.java:1596)
... Removed 28 stack frames]]>
    </failure>
  </testcase> <!-- tagTestSteps -->
  <testcase classname="TestCases.VerifyTagTest" name="tagTestSteps" time="5.577">
    <skipped/>
  </testcase> <!-- tagTestSteps -->
  <testcase classname="TestCases.VerifyTagTest" name="tagTestSteps" time="4.34">
    <skipped/>
  </testcase> <!-- tagTestSteps -->
  <testcase classname="TestCases.VerifyTagTest" name="tagTestSteps" time="3.948">
    <failure type="org.openqa.selenium.ElementClickInterceptedException" message="element click intercepted: Element &amp;lt;button class=&amp;quot;btn btn--create btn--new-domain wd-add-domain&amp;quot; data-ng-click=&amp;quot;ctrl.addDomain()&amp;quot;&amp;gt;...&amp;lt;/button&amp;gt; is not clickable at point (928, 272). Other element would receive the click: &amp;lt;div class=&amp;quot;splash-dialog-wrapper&amp;quot; data-ng-click=&amp;quot;!ctrl.enableDismissalConnectDialog() &amp;amp;amp;&amp;amp;amp; ctrl.connectionState === ConnectionState.CONNECTED ? ctrl.hide() : angular.noop()&amp;quot; data-ng-if=&amp;quot;ctrl.isVisible&amp;quot; role=&amp;quot;button&amp;quot; tabindex=&amp;quot;0&amp;quot;&amp;gt;...&amp;lt;/div&amp;gt;
  (Session info: chrome=131.0.6778.140)
Build info: version: &amp;apos;4.19.1&amp;apos;, revision: &amp;apos;abe0ee07dc&amp;apos;
System info: os.name: &amp;apos;Windows 11&amp;apos;, os.arch: &amp;apos;amd64&amp;apos;, os.version: &amp;apos;10.0&amp;apos;, java.version: &amp;apos;21.0.2&amp;apos;
Driver info: org.openqa.selenium.chrome.ChromeDriver
Command: [594f7e4ad715a299e6b585343bd0e122, clickElement {id=f.E53CC86052A1410DD031C3F6B1DFCDA4.d.988159696989831227BAD40A00A8C268.e.181}]
Capabilities {acceptInsecureCerts: false, browserName: chrome, browserVersion: 131.0.6778.140, chrome: {chromedriverVersion: 131.0.6778.108 (3b014839fbc..., userDataDir: C:\Temp\scoped_dir20736_208...}, fedcm:accounts: true, goog:chromeOptions: {debuggerAddress: localhost:51149}, networkConnectionEnabled: false, pageLoadStrategy: normal, platformName: windows, proxy: Proxy(), se:cdp: ws://localhost:51149/devtoo..., se:cdpVersion: 131.0.6778.140, setWindowRect: true, strictFileInteractability: false, timeouts: {implicit: 0, pageLoad: 300000, script: 30000}, unhandledPromptBehavior: dismiss and notify, webauthn:extension:credBlob: true, webauthn:extension:largeBlob: true, webauthn:extension:minPinLength: true, webauthn:extension:prf: true, webauthn:virtualAuthenticators: true}
Element: [[ChromeDriver: chrome on windows (594f7e4ad715a299e6b585343bd0e122)] -&amp;gt; xpath: //button[text()[normalize-space()=&amp;apos;Add domain&amp;apos;]]]
Session ID: 594f7e4ad715a299e6b585343bd0e122">
      <![CDATA[org.openqa.selenium.ElementClickInterceptedException: element click intercepted: Element <button class="btn btn--create btn--new-domain wd-add-domain" data-ng-click="ctrl.addDomain()">...</button> is not clickable at point (928, 272). Other element would receive the click: <div class="splash-dialog-wrapper" data-ng-click="!ctrl.enableDismissalConnectDialog() &amp;&amp; ctrl.connectionState === ConnectionState.CONNECTED ? ctrl.hide() : angular.noop()" data-ng-if="ctrl.isVisible" role="button" tabindex="0">...</div>
  (Session info: chrome=131.0.6778.140)
Build info: version: '4.19.1', revision: 'abe0ee07dc'
System info: os.name: 'Windows 11', os.arch: 'amd64', os.version: '10.0', java.version: '21.0.2'
Driver info: org.openqa.selenium.chrome.ChromeDriver
Command: [594f7e4ad715a299e6b585343bd0e122, clickElement {id=f.E53CC86052A1410DD031C3F6B1DFCDA4.d.988159696989831227BAD40A00A8C268.e.181}]
Capabilities {acceptInsecureCerts: false, browserName: chrome, browserVersion: 131.0.6778.140, chrome: {chromedriverVersion: 131.0.6778.108 (3b014839fbc..., userDataDir: C:\Temp\scoped_dir20736_208...}, fedcm:accounts: true, goog:chromeOptions: {debuggerAddress: localhost:51149}, networkConnectionEnabled: false, pageLoadStrategy: normal, platformName: windows, proxy: Proxy(), se:cdp: ws://localhost:51149/devtoo..., se:cdpVersion: 131.0.6778.140, setWindowRect: true, strictFileInteractability: false, timeouts: {implicit: 0, pageLoad: 300000, script: 30000}, unhandledPromptBehavior: dismiss and notify, webauthn:extension:credBlob: true, webauthn:extension:largeBlob: true, webauthn:extension:minPinLength: true, webauthn:extension:prf: true, webauthn:virtualAuthenticators: true}
Element: [[ChromeDriver: chrome on windows (594f7e4ad715a299e6b585343bd0e122)] -> xpath: //button[text()[normalize-space()='Add domain']]]
Session ID: 594f7e4ad715a299e6b585343bd0e122
at org.openqa.selenium.remote.ErrorCodec.decode(ErrorCodec.java:167)
at org.openqa.selenium.remote.codec.w3c.W3CHttpResponseCodec.decode(W3CHttpResponseCodec.java:138)
at org.openqa.selenium.remote.codec.w3c.W3CHttpResponseCodec.decode(W3CHttpResponseCodec.java:50)
at org.openqa.selenium.remote.HttpCommandExecutor.execute(HttpCommandExecutor.java:190)
at org.openqa.selenium.remote.service.DriverCommandExecutor.invokeExecute(DriverCommandExecutor.java:216)
at org.openqa.selenium.remote.service.DriverCommandExecutor.execute(DriverCommandExecutor.java:174)
at org.openqa.selenium.remote.RemoteWebDriver.execute(RemoteWebDriver.java:518)
at org.openqa.selenium.remote.RemoteWebElement.execute(RemoteWebElement.java:223)
at org.openqa.selenium.remote.RemoteWebElement.click(RemoteWebElement.java:76)
at pom.pageElements.steps(pageElements.java:29)
at TestCases.VerifyTagTest.tagTestSteps(VerifyTagTest.java:20)
at java.base/java.util.ArrayList.forEach(ArrayList.java:1596)
... Removed 28 stack frames]]>
    </failure>
  </testcase> <!-- tagTestSteps -->
  <testcase classname="TestCases.VerifyTagTest" name="tagTestSteps" time="3.85">
    <skipped/>
  </testcase> <!-- tagTestSteps -->
  <testcase classname="TestCases.VerifyTagTest" name="tagTestSteps" time="42.411">
    <skipped/>
  </testcase> <!-- tagTestSteps -->
  <testcase classname="TestCases.VerifyTagTest" name="tagTestSteps" time="43.149">
    <failure type="org.openqa.selenium.NoSuchElementException" message="no such element: Unable to locate element: {&amp;quot;method&amp;quot;:&amp;quot;css selector&amp;quot;,&amp;quot;selector&amp;quot;:&amp;quot;.__TAG_ASSISTANT_BADGE&amp;quot;}
  (Session info: chrome=131.0.6778.140)
For documentation on this error, please visit: https://www.selenium.dev/documentation/webdriver/troubleshooting/errors#no-such-element-exception
Build info: version: &amp;apos;4.19.1&amp;apos;, revision: &amp;apos;abe0ee07dc&amp;apos;
System info: os.name: &amp;apos;Windows 11&amp;apos;, os.arch: &amp;apos;amd64&amp;apos;, os.version: &amp;apos;10.0&amp;apos;, java.version: &amp;apos;21.0.2&amp;apos;
Driver info: org.openqa.selenium.chrome.ChromeDriver
Command: [594f7e4ad715a299e6b585343bd0e122, findElement {value=__TAG_ASSISTANT_BADGE, using=class name}]
Capabilities {acceptInsecureCerts: false, browserName: chrome, browserVersion: 131.0.6778.140, chrome: {chromedriverVersion: 131.0.6778.108 (3b014839fbc..., userDataDir: C:\Temp\scoped_dir20736_208...}, fedcm:accounts: true, goog:chromeOptions: {debuggerAddress: localhost:51149}, networkConnectionEnabled: false, pageLoadStrategy: normal, platformName: windows, proxy: Proxy(), se:cdp: ws://localhost:51149/devtoo..., se:cdpVersion: 131.0.6778.140, setWindowRect: true, strictFileInteractability: false, timeouts: {implicit: 0, pageLoad: 300000, script: 30000}, unhandledPromptBehavior: dismiss and notify, webauthn:extension:credBlob: true, webauthn:extension:largeBlob: true, webauthn:extension:minPinLength: true, webauthn:extension:prf: true, webauthn:virtualAuthenticators: true}
Session ID: 594f7e4ad715a299e6b585343bd0e122">
      <![CDATA[org.openqa.selenium.NoSuchElementException: no such element: Unable to locate element: {"method":"css selector","selector":".__TAG_ASSISTANT_BADGE"}
  (Session info: chrome=131.0.6778.140)
For documentation on this error, please visit: https://www.selenium.dev/documentation/webdriver/troubleshooting/errors#no-such-element-exception
Build info: version: '4.19.1', revision: 'abe0ee07dc'
System info: os.name: 'Windows 11', os.arch: 'amd64', os.version: '10.0', java.version: '21.0.2'
Driver info: org.openqa.selenium.chrome.ChromeDriver
Command: [594f7e4ad715a299e6b585343bd0e122, findElement {value=__TAG_ASSISTANT_BADGE, using=class name}]
Capabilities {acceptInsecureCerts: false, browserName: chrome, browserVersion: 131.0.6778.140, chrome: {chromedriverVersion: 131.0.6778.108 (3b014839fbc..., userDataDir: C:\Temp\scoped_dir20736_208...}, fedcm:accounts: true, goog:chromeOptions: {debuggerAddress: localhost:51149}, networkConnectionEnabled: false, pageLoadStrategy: normal, platformName: windows, proxy: Proxy(), se:cdp: ws://localhost:51149/devtoo..., se:cdpVersion: 131.0.6778.140, setWindowRect: true, strictFileInteractability: false, timeouts: {implicit: 0, pageLoad: 300000, script: 30000}, unhandledPromptBehavior: dismiss and notify, webauthn:extension:credBlob: true, webauthn:extension:largeBlob: true, webauthn:extension:minPinLength: true, webauthn:extension:prf: true, webauthn:virtualAuthenticators: true}
Session ID: 594f7e4ad715a299e6b585343bd0e122
at org.openqa.selenium.remote.ErrorCodec.decode(ErrorCodec.java:167)
at org.openqa.selenium.remote.codec.w3c.W3CHttpResponseCodec.decode(W3CHttpResponseCodec.java:138)
at org.openqa.selenium.remote.codec.w3c.W3CHttpResponseCodec.decode(W3CHttpResponseCodec.java:50)
at org.openqa.selenium.remote.HttpCommandExecutor.execute(HttpCommandExecutor.java:190)
at org.openqa.selenium.remote.service.DriverCommandExecutor.invokeExecute(DriverCommandExecutor.java:216)
at org.openqa.selenium.remote.service.DriverCommandExecutor.execute(DriverCommandExecutor.java:174)
at org.openqa.selenium.remote.RemoteWebDriver.execute(RemoteWebDriver.java:518)
at org.openqa.selenium.remote.ElementLocation$ElementFinder$2.findElement(ElementLocation.java:165)
at org.openqa.selenium.remote.ElementLocation.findElement(ElementLocation.java:59)
at org.openqa.selenium.remote.RemoteWebDriver.findElement(RemoteWebDriver.java:355)
at org.openqa.selenium.remote.RemoteWebDriver.findElement(RemoteWebDriver.java:349)
at pom.pageElements.steps(pageElements.java:52)
at TestCases.VerifyTagTest.tagTestSteps(VerifyTagTest.java:20)
at java.base/java.util.ArrayList.forEach(ArrayList.java:1596)
... Removed 28 stack frames]]>
    </failure>
  </testcase> <!-- tagTestSteps -->
  <testcase classname="TestCases.VerifyTagTest" name="tagTestSteps" time="43.89">
    <skipped/>
  </testcase> <!-- tagTestSteps -->
  <testcase classname="TestCases.VerifyTagTest" name="tagTestSteps" time="42.639">
    <skipped/>
  </testcase> <!-- tagTestSteps -->
  <testcase classname="TestCases.VerifyTagTest" name="tagTestSteps" time="3.158">
    <failure type="org.openqa.selenium.ElementClickInterceptedException" message="element click intercepted: Element &amp;lt;button class=&amp;quot;btn btn--create btn--new-domain wd-add-domain&amp;quot; data-ng-click=&amp;quot;ctrl.addDomain()&amp;quot;&amp;gt;...&amp;lt;/button&amp;gt; is not clickable at point (928, 114). Other element would receive the click: &amp;lt;div class=&amp;quot;splash-dialog-wrapper&amp;quot; data-ng-click=&amp;quot;!ctrl.enableDismissalConnectDialog() &amp;amp;amp;&amp;amp;amp; ctrl.connectionState === ConnectionState.CONNECTED ? ctrl.hide() : angular.noop()&amp;quot; data-ng-if=&amp;quot;ctrl.isVisible&amp;quot; role=&amp;quot;button&amp;quot; tabindex=&amp;quot;0&amp;quot;&amp;gt;...&amp;lt;/div&amp;gt;
  (Session info: chrome=131.0.6778.140)
Build info: version: &amp;apos;4.19.1&amp;apos;, revision: &amp;apos;abe0ee07dc&amp;apos;
System info: os.name: &amp;apos;Windows 11&amp;apos;, os.arch: &amp;apos;amd64&amp;apos;, os.version: &amp;apos;10.0&amp;apos;, java.version: &amp;apos;21.0.2&amp;apos;
Driver info: org.openqa.selenium.chrome.ChromeDriver
Command: [594f7e4ad715a299e6b585343bd0e122, clickElement {id=f.E53CC86052A1410DD031C3F6B1DFCDA4.d.FEE08E717D9EEF9CDB69721224256BB0.e.910}]
Capabilities {acceptInsecureCerts: false, browserName: chrome, browserVersion: 131.0.6778.140, chrome: {chromedriverVersion: 131.0.6778.108 (3b014839fbc..., userDataDir: C:\Temp\scoped_dir20736_208...}, fedcm:accounts: true, goog:chromeOptions: {debuggerAddress: localhost:51149}, networkConnectionEnabled: false, pageLoadStrategy: normal, platformName: windows, proxy: Proxy(), se:cdp: ws://localhost:51149/devtoo..., se:cdpVersion: 131.0.6778.140, setWindowRect: true, strictFileInteractability: false, timeouts: {implicit: 0, pageLoad: 300000, script: 30000}, unhandledPromptBehavior: dismiss and notify, webauthn:extension:credBlob: true, webauthn:extension:largeBlob: true, webauthn:extension:minPinLength: true, webauthn:extension:prf: true, webauthn:virtualAuthenticators: true}
Element: [[ChromeDriver: chrome on windows (594f7e4ad715a299e6b585343bd0e122)] -&amp;gt; xpath: //button[text()[normalize-space()=&amp;apos;Add domain&amp;apos;]]]
Session ID: 594f7e4ad715a299e6b585343bd0e122">
      <![CDATA[org.openqa.selenium.ElementClickInterceptedException: element click intercepted: Element <button class="btn btn--create btn--new-domain wd-add-domain" data-ng-click="ctrl.addDomain()">...</button> is not clickable at point (928, 114). Other element would receive the click: <div class="splash-dialog-wrapper" data-ng-click="!ctrl.enableDismissalConnectDialog() &amp;&amp; ctrl.connectionState === ConnectionState.CONNECTED ? ctrl.hide() : angular.noop()" data-ng-if="ctrl.isVisible" role="button" tabindex="0">...</div>
  (Session info: chrome=131.0.6778.140)
Build info: version: '4.19.1', revision: 'abe0ee07dc'
System info: os.name: 'Windows 11', os.arch: 'amd64', os.version: '10.0', java.version: '21.0.2'
Driver info: org.openqa.selenium.chrome.ChromeDriver
Command: [594f7e4ad715a299e6b585343bd0e122, clickElement {id=f.E53CC86052A1410DD031C3F6B1DFCDA4.d.FEE08E717D9EEF9CDB69721224256BB0.e.910}]
Capabilities {acceptInsecureCerts: false, browserName: chrome, browserVersion: 131.0.6778.140, chrome: {chromedriverVersion: 131.0.6778.108 (3b014839fbc..., userDataDir: C:\Temp\scoped_dir20736_208...}, fedcm:accounts: true, goog:chromeOptions: {debuggerAddress: localhost:51149}, networkConnectionEnabled: false, pageLoadStrategy: normal, platformName: windows, proxy: Proxy(), se:cdp: ws://localhost:51149/devtoo..., se:cdpVersion: 131.0.6778.140, setWindowRect: true, strictFileInteractability: false, timeouts: {implicit: 0, pageLoad: 300000, script: 30000}, unhandledPromptBehavior: dismiss and notify, webauthn:extension:credBlob: true, webauthn:extension:largeBlob: true, webauthn:extension:minPinLength: true, webauthn:extension:prf: true, webauthn:virtualAuthenticators: true}
Element: [[ChromeDriver: chrome on windows (594f7e4ad715a299e6b585343bd0e122)] -> xpath: //button[text()[normalize-space()='Add domain']]]
Session ID: 594f7e4ad715a299e6b585343bd0e122
at org.openqa.selenium.remote.ErrorCodec.decode(ErrorCodec.java:167)
at org.openqa.selenium.remote.codec.w3c.W3CHttpResponseCodec.decode(W3CHttpResponseCodec.java:138)
at org.openqa.selenium.remote.codec.w3c.W3CHttpResponseCodec.decode(W3CHttpResponseCodec.java:50)
at org.openqa.selenium.remote.HttpCommandExecutor.execute(HttpCommandExecutor.java:190)
at org.openqa.selenium.remote.service.DriverCommandExecutor.invokeExecute(DriverCommandExecutor.java:216)
at org.openqa.selenium.remote.service.DriverCommandExecutor.execute(DriverCommandExecutor.java:174)
at org.openqa.selenium.remote.RemoteWebDriver.execute(RemoteWebDriver.java:518)
at org.openqa.selenium.remote.RemoteWebElement.execute(RemoteWebElement.java:223)
at org.openqa.selenium.remote.RemoteWebElement.click(RemoteWebElement.java:76)
at pom.pageElements.steps(pageElements.java:29)
at TestCases.VerifyTagTest.tagTestSteps(VerifyTagTest.java:20)
at java.base/java.util.ArrayList.forEach(ArrayList.java:1596)
... Removed 28 stack frames]]>
    </failure>
  </testcase> <!-- tagTestSteps -->
  <testcase classname="TestCases.VerifyTagTest" name="tagTestSteps" time="41.652">
    <skipped/>
  </testcase> <!-- tagTestSteps -->
  <testcase classname="TestCases.VerifyTagTest" name="tagTestSteps" time="42.653">
    <skipped/>
  </testcase> <!-- tagTestSteps -->
  <testcase classname="TestCases.VerifyTagTest" name="tagTestSteps" time="2.358">
    <failure type="org.openqa.selenium.ElementClickInterceptedException" message="element click intercepted: Element &amp;lt;button class=&amp;quot;btn btn--create btn--new-domain wd-add-domain&amp;quot; data-ng-click=&amp;quot;ctrl.addDomain()&amp;quot;&amp;gt;...&amp;lt;/button&amp;gt; is not clickable at point (928, 114). Other element would receive the click: &amp;lt;div class=&amp;quot;splash-dialog-wrapper&amp;quot; data-ng-click=&amp;quot;!ctrl.enableDismissalConnectDialog() &amp;amp;amp;&amp;amp;amp; ctrl.connectionState === ConnectionState.CONNECTED ? ctrl.hide() : angular.noop()&amp;quot; data-ng-if=&amp;quot;ctrl.isVisible&amp;quot; role=&amp;quot;button&amp;quot; tabindex=&amp;quot;0&amp;quot;&amp;gt;...&amp;lt;/div&amp;gt;
  (Session info: chrome=131.0.6778.140)
Build info: version: &amp;apos;4.19.1&amp;apos;, revision: &amp;apos;abe0ee07dc&amp;apos;
System info: os.name: &amp;apos;Windows 11&amp;apos;, os.arch: &amp;apos;amd64&amp;apos;, os.version: &amp;apos;10.0&amp;apos;, java.version: &amp;apos;21.0.2&amp;apos;
Driver info: org.openqa.selenium.chrome.ChromeDriver
Command: [594f7e4ad715a299e6b585343bd0e122, clickElement {id=f.E53CC86052A1410DD031C3F6B1DFCDA4.d.726C4B65DF7A7DCE852DFEC2B727B82F.e.1506}]
Capabilities {acceptInsecureCerts: false, browserName: chrome, browserVersion: 131.0.6778.140, chrome: {chromedriverVersion: 131.0.6778.108 (3b014839fbc..., userDataDir: C:\Temp\scoped_dir20736_208...}, fedcm:accounts: true, goog:chromeOptions: {debuggerAddress: localhost:51149}, networkConnectionEnabled: false, pageLoadStrategy: normal, platformName: windows, proxy: Proxy(), se:cdp: ws://localhost:51149/devtoo..., se:cdpVersion: 131.0.6778.140, setWindowRect: true, strictFileInteractability: false, timeouts: {implicit: 0, pageLoad: 300000, script: 30000}, unhandledPromptBehavior: dismiss and notify, webauthn:extension:credBlob: true, webauthn:extension:largeBlob: true, webauthn:extension:minPinLength: true, webauthn:extension:prf: true, webauthn:virtualAuthenticators: true}
Element: [[ChromeDriver: chrome on windows (594f7e4ad715a299e6b585343bd0e122)] -&amp;gt; xpath: //button[text()[normalize-space()=&amp;apos;Add domain&amp;apos;]]]
Session ID: 594f7e4ad715a299e6b585343bd0e122">
      <![CDATA[org.openqa.selenium.ElementClickInterceptedException: element click intercepted: Element <button class="btn btn--create btn--new-domain wd-add-domain" data-ng-click="ctrl.addDomain()">...</button> is not clickable at point (928, 114). Other element would receive the click: <div class="splash-dialog-wrapper" data-ng-click="!ctrl.enableDismissalConnectDialog() &amp;&amp; ctrl.connectionState === ConnectionState.CONNECTED ? ctrl.hide() : angular.noop()" data-ng-if="ctrl.isVisible" role="button" tabindex="0">...</div>
  (Session info: chrome=131.0.6778.140)
Build info: version: '4.19.1', revision: 'abe0ee07dc'
System info: os.name: 'Windows 11', os.arch: 'amd64', os.version: '10.0', java.version: '21.0.2'
Driver info: org.openqa.selenium.chrome.ChromeDriver
Command: [594f7e4ad715a299e6b585343bd0e122, clickElement {id=f.E53CC86052A1410DD031C3F6B1DFCDA4.d.726C4B65DF7A7DCE852DFEC2B727B82F.e.1506}]
Capabilities {acceptInsecureCerts: false, browserName: chrome, browserVersion: 131.0.6778.140, chrome: {chromedriverVersion: 131.0.6778.108 (3b014839fbc..., userDataDir: C:\Temp\scoped_dir20736_208...}, fedcm:accounts: true, goog:chromeOptions: {debuggerAddress: localhost:51149}, networkConnectionEnabled: false, pageLoadStrategy: normal, platformName: windows, proxy: Proxy(), se:cdp: ws://localhost:51149/devtoo..., se:cdpVersion: 131.0.6778.140, setWindowRect: true, strictFileInteractability: false, timeouts: {implicit: 0, pageLoad: 300000, script: 30000}, unhandledPromptBehavior: dismiss and notify, webauthn:extension:credBlob: true, webauthn:extension:largeBlob: true, webauthn:extension:minPinLength: true, webauthn:extension:prf: true, webauthn:virtualAuthenticators: true}
Element: [[ChromeDriver: chrome on windows (594f7e4ad715a299e6b585343bd0e122)] -> xpath: //button[text()[normalize-space()='Add domain']]]
Session ID: 594f7e4ad715a299e6b585343bd0e122
at org.openqa.selenium.remote.ErrorCodec.decode(ErrorCodec.java:167)
at org.openqa.selenium.remote.codec.w3c.W3CHttpResponseCodec.decode(W3CHttpResponseCodec.java:138)
at org.openqa.selenium.remote.codec.w3c.W3CHttpResponseCodec.decode(W3CHttpResponseCodec.java:50)
at org.openqa.selenium.remote.HttpCommandExecutor.execute(HttpCommandExecutor.java:190)
at org.openqa.selenium.remote.service.DriverCommandExecutor.invokeExecute(DriverCommandExecutor.java:216)
at org.openqa.selenium.remote.service.DriverCommandExecutor.execute(DriverCommandExecutor.java:174)
at org.openqa.selenium.remote.RemoteWebDriver.execute(RemoteWebDriver.java:518)
at org.openqa.selenium.remote.RemoteWebElement.execute(RemoteWebElement.java:223)
at org.openqa.selenium.remote.RemoteWebElement.click(RemoteWebElement.java:76)
at pom.pageElements.steps(pageElements.java:29)
at TestCases.VerifyTagTest.tagTestSteps(VerifyTagTest.java:20)
at java.base/java.util.ArrayList.forEach(ArrayList.java:1596)
... Removed 28 stack frames]]>
    </failure>
  </testcase> <!-- tagTestSteps -->
  <testcase classname="TestCases.VerifyTagTest" name="tagTestSteps" time="4.512">
    <skipped/>
  </testcase> <!-- tagTestSteps -->
  <testcase classname="TestCases.VerifyTagTest" name="tagTestSteps" time="4.496">
    <skipped/>
  </testcase> <!-- tagTestSteps -->
  <testcase classname="TestCases.VerifyTagTest" name="tagTestSteps" time="2.45">
    <failure type="org.openqa.selenium.NoSuchElementException" message="no such element: Unable to locate element: {&amp;quot;method&amp;quot;:&amp;quot;xpath&amp;quot;,&amp;quot;selector&amp;quot;:&amp;quot;//input[@id=&amp;apos;domain-start-url&amp;apos;]&amp;quot;}
  (Session info: chrome=131.0.6778.140)
For documentation on this error, please visit: https://www.selenium.dev/documentation/webdriver/troubleshooting/errors#no-such-element-exception
Build info: version: &amp;apos;4.19.1&amp;apos;, revision: &amp;apos;abe0ee07dc&amp;apos;
System info: os.name: &amp;apos;Windows 11&amp;apos;, os.arch: &amp;apos;amd64&amp;apos;, os.version: &amp;apos;10.0&amp;apos;, java.version: &amp;apos;21.0.2&amp;apos;
Driver info: org.openqa.selenium.chrome.ChromeDriver
Command: [594f7e4ad715a299e6b585343bd0e122, findElement {value=//input[@id=&amp;apos;domain-start-url&amp;apos;], using=xpath}]
Capabilities {acceptInsecureCerts: false, browserName: chrome, browserVersion: 131.0.6778.140, chrome: {chromedriverVersion: 131.0.6778.108 (3b014839fbc..., userDataDir: C:\Temp\scoped_dir20736_208...}, fedcm:accounts: true, goog:chromeOptions: {debuggerAddress: localhost:51149}, networkConnectionEnabled: false, pageLoadStrategy: normal, platformName: windows, proxy: Proxy(), se:cdp: ws://localhost:51149/devtoo..., se:cdpVersion: 131.0.6778.140, setWindowRect: true, strictFileInteractability: false, timeouts: {implicit: 0, pageLoad: 300000, script: 30000}, unhandledPromptBehavior: dismiss and notify, webauthn:extension:credBlob: true, webauthn:extension:largeBlob: true, webauthn:extension:minPinLength: true, webauthn:extension:prf: true, webauthn:virtualAuthenticators: true}
Session ID: 594f7e4ad715a299e6b585343bd0e122">
      <![CDATA[org.openqa.selenium.NoSuchElementException: no such element: Unable to locate element: {"method":"xpath","selector":"//input[@id='domain-start-url']"}
  (Session info: chrome=131.0.6778.140)
For documentation on this error, please visit: https://www.selenium.dev/documentation/webdriver/troubleshooting/errors#no-such-element-exception
Build info: version: '4.19.1', revision: 'abe0ee07dc'
System info: os.name: 'Windows 11', os.arch: 'amd64', os.version: '10.0', java.version: '21.0.2'
Driver info: org.openqa.selenium.chrome.ChromeDriver
Command: [594f7e4ad715a299e6b585343bd0e122, findElement {value=//input[@id='domain-start-url'], using=xpath}]
Capabilities {acceptInsecureCerts: false, browserName: chrome, browserVersion: 131.0.6778.140, chrome: {chromedriverVersion: 131.0.6778.108 (3b014839fbc..., userDataDir: C:\Temp\scoped_dir20736_208...}, fedcm:accounts: true, goog:chromeOptions: {debuggerAddress: localhost:51149}, networkConnectionEnabled: false, pageLoadStrategy: normal, platformName: windows, proxy: Proxy(), se:cdp: ws://localhost:51149/devtoo..., se:cdpVersion: 131.0.6778.140, setWindowRect: true, strictFileInteractability: false, timeouts: {implicit: 0, pageLoad: 300000, script: 30000}, unhandledPromptBehavior: dismiss and notify, webauthn:extension:credBlob: true, webauthn:extension:largeBlob: true, webauthn:extension:minPinLength: true, webauthn:extension:prf: true, webauthn:virtualAuthenticators: true}
Session ID: 594f7e4ad715a299e6b585343bd0e122
at org.openqa.selenium.remote.ErrorCodec.decode(ErrorCodec.java:167)
at org.openqa.selenium.remote.codec.w3c.W3CHttpResponseCodec.decode(W3CHttpResponseCodec.java:138)
at org.openqa.selenium.remote.codec.w3c.W3CHttpResponseCodec.decode(W3CHttpResponseCodec.java:50)
at org.openqa.selenium.remote.HttpCommandExecutor.execute(HttpCommandExecutor.java:190)
at org.openqa.selenium.remote.service.DriverCommandExecutor.invokeExecute(DriverCommandExecutor.java:216)
at org.openqa.selenium.remote.service.DriverCommandExecutor.execute(DriverCommandExecutor.java:174)
at org.openqa.selenium.remote.RemoteWebDriver.execute(RemoteWebDriver.java:518)
at org.openqa.selenium.remote.ElementLocation$ElementFinder$2.findElement(ElementLocation.java:165)
at org.openqa.selenium.remote.ElementLocation.findElement(ElementLocation.java:59)
at org.openqa.selenium.remote.RemoteWebDriver.findElement(RemoteWebDriver.java:355)
at org.openqa.selenium.remote.RemoteWebDriver.findElement(RemoteWebDriver.java:349)
at pom.pageElements.steps(pageElements.java:32)
at TestCases.VerifyTagTest.tagTestSteps(VerifyTagTest.java:20)
at java.base/java.util.ArrayList.forEach(ArrayList.java:1596)
... Removed 28 stack frames]]>
    </failure>
  </testcase> <!-- tagTestSteps -->
</testsuite> <!-- Test -->
