<!DOCTYPE html>

<html>
  <head>
  <meta charset='utf-8'>
  <title>TestNG reports</title>

    <link type="text/css" href="testng-reports1.css" rel="stylesheet" id="ultra" />
    <link type="text/css" href="testng-reports.css" rel="stylesheet" id="retro" disabled="false"/>
    <script type="text/javascript" src="jquery-3.6.0.min.js"></script>
    <script type="text/javascript" src="testng-reports.js"></script>
    <script type="text/javascript" src="https://www.google.com/jsapi"></script>
    <script type='text/javascript'>
      google.load('visualization', '1', {packages:['table']});
      google.setOnLoadCallback(drawTable);
      var suiteTableInitFunctions = new Array();
      var suiteTableData = new Array();
    </script>
    <!--
      <script type="text/javascript" src="jquery-ui/js/jquery-ui-1.8.16.custom.min.js"></script>
     -->
  </head>

  <body>    <div class="top-banner-root">
      <span class="top-banner-title-font">Test results</span>
      <button id="button" class="button">Switch Retro Theme</button> <!-- button -->
      <br/>
      <span class="top-banner-font-1">1 suite, 6 failed tests</span>
    </div> <!-- top-banner-root -->
    <div class="navigator-root">
      <div class="navigator-suite-header">
        <span>All suites</span>
        <a href="#" title="Collapse/expand all the suites" class="collapse-all-link">
          <img src="collapseall.gif" class="collapse-all-icon">
          </img> <!-- collapse-all-icon -->
        </a> <!-- collapse-all-link -->
      </div> <!-- navigator-suite-header -->
      <div class="suite">
        <div class="rounded-window">
          <div class="suite-header light-rounded-window-top">
            <a href="#" panel-name="suite-Suite" class="navigator-link">
              <span class="suite-name border-failed">Suite</span>
            </a> <!-- navigator-link -->
          </div> <!-- suite-header light-rounded-window-top -->
          <div class="navigator-suite-content">
            <div class="suite-section-title">
              <span>Info</span>
            </div> <!-- suite-section-title -->
            <div class="suite-section-content">
              <ul>
                <li>
                  <a href="#" panel-name="test-xml-Suite" class="navigator-link ">
                    <span>D:\Software automation\GoogleTags\testng2.xml</span>
                  </a> <!-- navigator-link  -->
                </li>
                <li>
                  <a href="#" panel-name="testlist-Suite" class="navigator-link ">
                    <span class="test-stats">1 test</span>
                  </a> <!-- navigator-link  -->
                </li>
                <li>
                  <a href="#" panel-name="group-Suite" class="navigator-link ">
                    <span>0 groups</span>
                  </a> <!-- navigator-link  -->
                </li>
                <li>
                  <a href="#" panel-name="times-Suite" class="navigator-link ">
                    <span>Times</span>
                  </a> <!-- navigator-link  -->
                </li>
                <li>
                  <a href="#" panel-name="reporter-Suite" class="navigator-link ">
                    <span>Reporter output</span>
                  </a> <!-- navigator-link  -->
                </li>
                <li>
                  <a href="#" panel-name="ignored-methods-Suite" class="navigator-link ">
                    <span>Ignored methods</span>
                  </a> <!-- navigator-link  -->
                </li>
                <li>
                  <a href="#" panel-name="chronological-Suite" class="navigator-link ">
                    <span>Chronological view</span>
                  </a> <!-- navigator-link  -->
                </li>
              </ul>
            </div> <!-- suite-section-content -->
            <div class="result-section">
              <div class="suite-section-title">
                <span>Results</span>
              </div> <!-- suite-section-title -->
              <div class="suite-section-content">
                <ul>
                  <li>
                    <span class="method-stats">22 methods, 6 failed,  12 skipped,  4 passed</span>
                  </li>
                  <li>
                    <span class="method-list-title failed">Failed methods</span>
                    <span class="show-or-hide-methods failed">
                      <a href="#" panel-name="suite-Suite" class="hide-methods failed suite-Suite"> (hide)</a> <!-- hide-methods failed suite-Suite -->
                      <a href="#" panel-name="suite-Suite" class="show-methods failed suite-Suite"> (show)</a> <!-- show-methods failed suite-Suite -->
                    </span>
                    <div class="method-list-content failed suite-Suite">
                      <span>
                        <img src="failed.png" width="3%"/>
                        <a href="#" panel-name="suite-Suite" title="TestCases.VerifyTagTest" class="method navigator-link" hash-for-method="tagTestSteps(https://castelbel.hk/, G-JV8HRD5LHW, GTM-WV54F6S)">tagTestSteps(https://castelbel.hk/, G-JV8HRD5LHW, GTM-WV54F6S)</a> <!-- method navigator-link -->
                      </span>
                      <br/>
                      <span>
                        <img src="failed.png" width="3%"/>
                        <a href="#" panel-name="suite-Suite" title="TestCases.VerifyTagTest" class="method navigator-link" hash-for-method="tagTestSteps(https://www.allrefrigerants.com/, G-ZQ08J2KHQ9, GTM-MC334VD)">tagTestSteps(https://www.allrefrigerants.com/, G-ZQ08J2KHQ9, GTM-MC334VD)</a> <!-- method navigator-link -->
                      </span>
                      <br/>
                      <span>
                        <img src="failed.png" width="3%"/>
                        <a href="#" panel-name="suite-Suite" title="TestCases.VerifyTagTest" class="method navigator-link" hash-for-method="tagTestSteps(https://patialahouse.ae/, G-91V1KL6Z7X, GTM-KP7FZ7R)">tagTestSteps(https://patialahouse.ae/, G-91V1KL6Z7X, GTM-KP7FZ7R)</a> <!-- method navigator-link -->
                      </span>
                      <br/>
                      <span>
                        <img src="failed.png" width="3%"/>
                        <a href="#" panel-name="suite-Suite" title="TestCases.VerifyTagTest" class="method navigator-link" hash-for-method="tagTestSteps(https://datawave.hk/, G-XD4HJKMN5J, GTM-T8W4LRF)">tagTestSteps(https://datawave.hk/, G-XD4HJKMN5J, GTM-T8W4LRF)</a> <!-- method navigator-link -->
                      </span>
                      <br/>
                      <span>
                        <img src="failed.png" width="3%"/>
                        <a href="#" panel-name="suite-Suite" title="TestCases.VerifyTagTest" class="method navigator-link" hash-for-method="tagTestSteps(https://inco.in/, G-6D4VHD6302, GTM-T9V3XLG)">tagTestSteps(https://inco.in/, G-6D4VHD6302, GTM-T9V3XLG)</a> <!-- method navigator-link -->
                      </span>
                      <br/>
                      <span>
                        <img src="failed.png" width="3%"/>
                        <a href="#" panel-name="suite-Suite" title="TestCases.VerifyTagTest" class="method navigator-link" hash-for-method="tagTestSteps(https://exclusive-venue.com/, G-BHBPQB3LZE, 0)">tagTestSteps(https://exclusive-venue.com/, G-BHBPQB3LZE, 0)</a> <!-- method navigator-link -->
                      </span>
                      <br/>
                    </div> <!-- method-list-content failed suite-Suite -->
                  </li>
                  <li>
                    <span class="method-list-title skipped">Retried methods</span>
                    <span class="show-or-hide-methods skipped">
                      <a href="#" panel-name="suite-Suite" class="hide-methods skipped suite-Suite"> (hide)</a> <!-- hide-methods skipped suite-Suite -->
                      <a href="#" panel-name="suite-Suite" class="show-methods skipped suite-Suite"> (show)</a> <!-- show-methods skipped suite-Suite -->
                    </span>
                    <div class="method-list-content skipped suite-Suite">
                      <span>
                        <img src="skipped.png" width="3%"/>
                        <a href="#" panel-name="suite-Suite" title="TestCases.VerifyTagTest" class="method navigator-link" hash-for-method="tagTestSteps(https://exclusive-venue.com/, G-BHBPQB3LZE, 0)">tagTestSteps(https://exclusive-venue.com/, G-BHBPQB3LZE, 0)</a> <!-- method navigator-link -->
                      </span>
                      <br/>
                      <span>
                        <img src="skipped.png" width="3%"/>
                        <a href="#" panel-name="suite-Suite" title="TestCases.VerifyTagTest" class="method navigator-link" hash-for-method="tagTestSteps(https://castelbel.hk/, G-JV8HRD5LHW, GTM-WV54F6S)">tagTestSteps(https://castelbel.hk/, G-JV8HRD5LHW, GTM-WV54F6S)</a> <!-- method navigator-link -->
                      </span>
                      <br/>
                      <span>
                        <img src="skipped.png" width="3%"/>
                        <a href="#" panel-name="suite-Suite" title="TestCases.VerifyTagTest" class="method navigator-link" hash-for-method="tagTestSteps(https://inco.in/, G-6D4VHD6302, GTM-T9V3XLG)">tagTestSteps(https://inco.in/, G-6D4VHD6302, GTM-T9V3XLG)</a> <!-- method navigator-link -->
                      </span>
                      <br/>
                      <span>
                        <img src="skipped.png" width="3%"/>
                        <a href="#" panel-name="suite-Suite" title="TestCases.VerifyTagTest" class="method navigator-link" hash-for-method="tagTestSteps(https://inco.in/, G-6D4VHD6302, GTM-T9V3XLG)">tagTestSteps(https://inco.in/, G-6D4VHD6302, GTM-T9V3XLG)</a> <!-- method navigator-link -->
                      </span>
                      <br/>
                      <span>
                        <img src="skipped.png" width="3%"/>
                        <a href="#" panel-name="suite-Suite" title="TestCases.VerifyTagTest" class="method navigator-link" hash-for-method="tagTestSteps(https://exclusive-venue.com/, G-BHBPQB3LZE, 0)">tagTestSteps(https://exclusive-venue.com/, G-BHBPQB3LZE, 0)</a> <!-- method navigator-link -->
                      </span>
                      <br/>
                      <span>
                        <img src="skipped.png" width="3%"/>
                        <a href="#" panel-name="suite-Suite" title="TestCases.VerifyTagTest" class="method navigator-link" hash-for-method="tagTestSteps(https://datawave.hk/, G-XD4HJKMN5J, GTM-T8W4LRF)">tagTestSteps(https://datawave.hk/, G-XD4HJKMN5J, GTM-T8W4LRF)</a> <!-- method navigator-link -->
                      </span>
                      <br/>
                      <span>
                        <img src="skipped.png" width="3%"/>
                        <a href="#" panel-name="suite-Suite" title="TestCases.VerifyTagTest" class="method navigator-link" hash-for-method="tagTestSteps(https://patialahouse.ae/, G-91V1KL6Z7X, GTM-KP7FZ7R)">tagTestSteps(https://patialahouse.ae/, G-91V1KL6Z7X, GTM-KP7FZ7R)</a> <!-- method navigator-link -->
                      </span>
                      <br/>
                      <span>
                        <img src="skipped.png" width="3%"/>
                        <a href="#" panel-name="suite-Suite" title="TestCases.VerifyTagTest" class="method navigator-link" hash-for-method="tagTestSteps(https://patialahouse.ae/, G-91V1KL6Z7X, GTM-KP7FZ7R)">tagTestSteps(https://patialahouse.ae/, G-91V1KL6Z7X, GTM-KP7FZ7R)</a> <!-- method navigator-link -->
                      </span>
                      <br/>
                      <span>
                        <img src="skipped.png" width="3%"/>
                        <a href="#" panel-name="suite-Suite" title="TestCases.VerifyTagTest" class="method navigator-link" hash-for-method="tagTestSteps(https://datawave.hk/, G-XD4HJKMN5J, GTM-T8W4LRF)">tagTestSteps(https://datawave.hk/, G-XD4HJKMN5J, GTM-T8W4LRF)</a> <!-- method navigator-link -->
                      </span>
                      <br/>
                      <span>
                        <img src="skipped.png" width="3%"/>
                        <a href="#" panel-name="suite-Suite" title="TestCases.VerifyTagTest" class="method navigator-link" hash-for-method="tagTestSteps(https://www.allrefrigerants.com/, G-ZQ08J2KHQ9, GTM-MC334VD)">tagTestSteps(https://www.allrefrigerants.com/, G-ZQ08J2KHQ9, GTM-MC334VD)</a> <!-- method navigator-link -->
                      </span>
                      <br/>
                      <span>
                        <img src="skipped.png" width="3%"/>
                        <a href="#" panel-name="suite-Suite" title="TestCases.VerifyTagTest" class="method navigator-link" hash-for-method="tagTestSteps(https://castelbel.hk/, G-JV8HRD5LHW, GTM-WV54F6S)">tagTestSteps(https://castelbel.hk/, G-JV8HRD5LHW, GTM-WV54F6S)</a> <!-- method navigator-link -->
                      </span>
                      <br/>
                      <span>
                        <img src="skipped.png" width="3%"/>
                        <a href="#" panel-name="suite-Suite" title="TestCases.VerifyTagTest" class="method navigator-link" hash-for-method="tagTestSteps(https://www.allrefrigerants.com/, G-ZQ08J2KHQ9, GTM-MC334VD)">tagTestSteps(https://www.allrefrigerants.com/, G-ZQ08J2KHQ9, GTM-MC334VD)</a> <!-- method navigator-link -->
                      </span>
                      <br/>
                    </div> <!-- method-list-content skipped suite-Suite -->
                  </li>
                  <li>
                    <span class="method-list-title passed">Passed methods</span>
                    <span class="show-or-hide-methods passed">
                      <a href="#" panel-name="suite-Suite" class="hide-methods passed suite-Suite"> (hide)</a> <!-- hide-methods passed suite-Suite -->
                      <a href="#" panel-name="suite-Suite" class="show-methods passed suite-Suite"> (show)</a> <!-- show-methods passed suite-Suite -->
                    </span>
                    <div class="method-list-content passed suite-Suite">
                      <span>
                        <img src="passed.png" width="3%"/>
                        <a href="#" panel-name="suite-Suite" title="TestCases.VerifyTagTest" class="method navigator-link" hash-for-method="tagTestSteps(https://www.irl.co.in/, G-WF2QL7VYKC, GTM-5F73Z62)">tagTestSteps(https://www.irl.co.in/, G-WF2QL7VYKC, GTM-5F73Z62)</a> <!-- method navigator-link -->
                      </span>
                      <br/>
                      <span>
                        <img src="passed.png" width="3%"/>
                        <a href="#" panel-name="suite-Suite" title="TestCases.VerifyTagTest" class="method navigator-link" hash-for-method="tagTestSteps(https://www.leadsnursery.com/, G-2Y8JNV0SZV, GTM-5RZFXLX)">tagTestSteps(https://www.leadsnursery.com/, G-2Y8JNV0SZV, GTM-5RZFXLX)</a> <!-- method navigator-link -->
                      </span>
                      <br/>
                      <span>
                        <img src="passed.png" width="3%"/>
                        <a href="#" panel-name="suite-Suite" title="TestCases.VerifyTagTest" class="method navigator-link" hash-for-method="tagTestSteps(https://www.gdata.in/, G-5FG1J90486, GTM-WKLN4BF)">tagTestSteps(https://www.gdata.in/, G-5FG1J90486, GTM-WKLN4BF)</a> <!-- method navigator-link -->
                      </span>
                      <br/>
                      <span>
                        <img src="passed.png" width="3%"/>
                        <a href="#" panel-name="suite-Suite" title="TestCases.VerifyTagTest" class="method navigator-link" hash-for-method="tagTestSteps(https://www.liquidz.com.hk/, G-7TFPY3J2DE, GTM-N8ZNBVL)">tagTestSteps(https://www.liquidz.com.hk/, G-7TFPY3J2DE, GTM-N8ZNBVL)</a> <!-- method navigator-link -->
                      </span>
                      <br/>
                    </div> <!-- method-list-content passed suite-Suite -->
                  </li>
                </ul>
              </div> <!-- suite-section-content -->
            </div> <!-- result-section -->
          </div> <!-- navigator-suite-content -->
        </div> <!-- rounded-window -->
      </div> <!-- suite -->
    </div> <!-- navigator-root -->
    <div class="wrapper">
      <div class="main-panel-root">
        <div panel-name="suite-Suite" class="panel Suite">
          <div class="suite-Suite-class-failed">
            <div class="main-panel-header rounded-window-top">
              <img src="failed.png"/>
              <span class="class-name">TestCases.VerifyTagTest</span>
            </div> <!-- main-panel-header rounded-window-top -->
            <div class="main-panel-content rounded-window-bottom">
              <div class="method">
                <div class="method-content">
                  <a name="tagTestSteps(https://castelbel.hk/, G-JV8HRD5LHW, GTM-WV54F6S)">
                  </a> <!-- tagTestSteps(https://castelbel.hk/, G-JV8HRD5LHW, GTM-WV54F6S) -->
                  <span class="method-name">tagTestSteps</span>
                  <span class="parameters">(https://castelbel.hk/,G-JV8HRD5LHW,GTM-WV54F6S)</span>
                  <div class="stack-trace">org.openqa.selenium.ElementClickInterceptedException: element click intercepted: Element &lt;button class=&quot;btn btn--create btn--new-domain wd-add-domain&quot; data-ng-click=&quot;ctrl.addDomain()&quot;&gt;...&lt;/button&gt; is not clickable at point (928, 114). Other element would receive the click: &lt;div class=&quot;splash-dialog-wrapper&quot; data-ng-click=&quot;!ctrl.enableDismissalConnectDialog() &amp;amp;&amp;amp; ctrl.connectionState === ConnectionState.CONNECTED ? ctrl.hide() : angular.noop()&quot; data-ng-if=&quot;ctrl.isVisible&quot; role=&quot;button&quot; tabindex=&quot;0&quot;&gt;...&lt;/div&gt;
  (Session info: chrome=131.0.6778.140)
Build info: version: &apos;4.19.1&apos;, revision: &apos;abe0ee07dc&apos;
System info: os.name: &apos;Windows 11&apos;, os.arch: &apos;amd64&apos;, os.version: &apos;10.0&apos;, java.version: &apos;21.0.2&apos;
Driver info: org.openqa.selenium.chrome.ChromeDriver
Command: [594f7e4ad715a299e6b585343bd0e122, clickElement {id=f.E53CC86052A1410DD031C3F6B1DFCDA4.d.726C4B65DF7A7DCE852DFEC2B727B82F.e.1506}]
Capabilities {acceptInsecureCerts: false, browserName: chrome, browserVersion: 131.0.6778.140, chrome: {chromedriverVersion: 131.0.6778.108 (3b014839fbc..., userDataDir: C:\Temp\scoped_dir20736_208...}, fedcm:accounts: true, goog:chromeOptions: {debuggerAddress: localhost:51149}, networkConnectionEnabled: false, pageLoadStrategy: normal, platformName: windows, proxy: Proxy(), se:cdp: ws://localhost:51149/devtoo..., se:cdpVersion: 131.0.6778.140, setWindowRect: true, strictFileInteractability: false, timeouts: {implicit: 0, pageLoad: 300000, script: 30000}, unhandledPromptBehavior: dismiss and notify, webauthn:extension:credBlob: true, webauthn:extension:largeBlob: true, webauthn:extension:minPinLength: true, webauthn:extension:prf: true, webauthn:virtualAuthenticators: true}
Element: [[ChromeDriver: chrome on windows (594f7e4ad715a299e6b585343bd0e122)] -&gt; xpath: //button[text()[normalize-space()=&apos;Add domain&apos;]]]
Session ID: 594f7e4ad715a299e6b585343bd0e122
	at org.openqa.selenium.remote.ErrorCodec.decode(ErrorCodec.java:167)
	at org.openqa.selenium.remote.codec.w3c.W3CHttpResponseCodec.decode(W3CHttpResponseCodec.java:138)
	at org.openqa.selenium.remote.codec.w3c.W3CHttpResponseCodec.decode(W3CHttpResponseCodec.java:50)
	at org.openqa.selenium.remote.HttpCommandExecutor.execute(HttpCommandExecutor.java:190)
	at org.openqa.selenium.remote.service.DriverCommandExecutor.invokeExecute(DriverCommandExecutor.java:216)
	at org.openqa.selenium.remote.service.DriverCommandExecutor.execute(DriverCommandExecutor.java:174)
	at org.openqa.selenium.remote.RemoteWebDriver.execute(RemoteWebDriver.java:518)
	at org.openqa.selenium.remote.RemoteWebElement.execute(RemoteWebElement.java:223)
	at org.openqa.selenium.remote.RemoteWebElement.click(RemoteWebElement.java:76)
	at pom.pageElements.steps(pageElements.java:29)
	at TestCases.VerifyTagTest.tagTestSteps(VerifyTagTest.java:20)
	at java.base/java.util.ArrayList.forEach(ArrayList.java:1596)
... Removed 28 stack frames
</div> <!-- stack-trace -->
                </div> <!-- method-content -->
              </div> <!-- method -->
              <div class="method">
                <div class="method-content">
                  <a name="tagTestSteps(https://www.allrefrigerants.com/, G-ZQ08J2KHQ9, GTM-MC334VD)">
                  </a> <!-- tagTestSteps(https://www.allrefrigerants.com/, G-ZQ08J2KHQ9, GTM-MC334VD) -->
                  <span class="method-name">tagTestSteps</span>
                  <span class="parameters">(https://www.allrefrigerants.com/,G-ZQ08J2KHQ9,GTM-MC334VD)</span>
                  <div class="stack-trace">org.openqa.selenium.NoSuchElementException: no such element: Unable to locate element: {&quot;method&quot;:&quot;css selector&quot;,&quot;selector&quot;:&quot;.__TAG_ASSISTANT_BADGE&quot;}
  (Session info: chrome=131.0.6778.140)
For documentation on this error, please visit: https://www.selenium.dev/documentation/webdriver/troubleshooting/errors#no-such-element-exception
Build info: version: &apos;4.19.1&apos;, revision: &apos;abe0ee07dc&apos;
System info: os.name: &apos;Windows 11&apos;, os.arch: &apos;amd64&apos;, os.version: &apos;10.0&apos;, java.version: &apos;21.0.2&apos;
Driver info: org.openqa.selenium.chrome.ChromeDriver
Command: [594f7e4ad715a299e6b585343bd0e122, findElement {value=__TAG_ASSISTANT_BADGE, using=class name}]
Capabilities {acceptInsecureCerts: false, browserName: chrome, browserVersion: 131.0.6778.140, chrome: {chromedriverVersion: 131.0.6778.108 (3b014839fbc..., userDataDir: C:\Temp\scoped_dir20736_208...}, fedcm:accounts: true, goog:chromeOptions: {debuggerAddress: localhost:51149}, networkConnectionEnabled: false, pageLoadStrategy: normal, platformName: windows, proxy: Proxy(), se:cdp: ws://localhost:51149/devtoo..., se:cdpVersion: 131.0.6778.140, setWindowRect: true, strictFileInteractability: false, timeouts: {implicit: 0, pageLoad: 300000, script: 30000}, unhandledPromptBehavior: dismiss and notify, webauthn:extension:credBlob: true, webauthn:extension:largeBlob: true, webauthn:extension:minPinLength: true, webauthn:extension:prf: true, webauthn:virtualAuthenticators: true}
Session ID: 594f7e4ad715a299e6b585343bd0e122
	at org.openqa.selenium.remote.ErrorCodec.decode(ErrorCodec.java:167)
	at org.openqa.selenium.remote.codec.w3c.W3CHttpResponseCodec.decode(W3CHttpResponseCodec.java:138)
	at org.openqa.selenium.remote.codec.w3c.W3CHttpResponseCodec.decode(W3CHttpResponseCodec.java:50)
	at org.openqa.selenium.remote.HttpCommandExecutor.execute(HttpCommandExecutor.java:190)
	at org.openqa.selenium.remote.service.DriverCommandExecutor.invokeExecute(DriverCommandExecutor.java:216)
	at org.openqa.selenium.remote.service.DriverCommandExecutor.execute(DriverCommandExecutor.java:174)
	at org.openqa.selenium.remote.RemoteWebDriver.execute(RemoteWebDriver.java:518)
	at org.openqa.selenium.remote.ElementLocation$ElementFinder$2.findElement(ElementLocation.java:165)
	at org.openqa.selenium.remote.ElementLocation.findElement(ElementLocation.java:59)
	at org.openqa.selenium.remote.RemoteWebDriver.findElement(RemoteWebDriver.java:355)
	at org.openqa.selenium.remote.RemoteWebDriver.findElement(RemoteWebDriver.java:349)
	at pom.pageElements.steps(pageElements.java:52)
	at TestCases.VerifyTagTest.tagTestSteps(VerifyTagTest.java:20)
	at java.base/java.util.ArrayList.forEach(ArrayList.java:1596)
... Removed 28 stack frames
</div> <!-- stack-trace -->
                </div> <!-- method-content -->
              </div> <!-- method -->
              <div class="method">
                <div class="method-content">
                  <a name="tagTestSteps(https://patialahouse.ae/, G-91V1KL6Z7X, GTM-KP7FZ7R)">
                  </a> <!-- tagTestSteps(https://patialahouse.ae/, G-91V1KL6Z7X, GTM-KP7FZ7R) -->
                  <span class="method-name">tagTestSteps</span>
                  <span class="parameters">(https://patialahouse.ae/,G-91V1KL6Z7X,GTM-KP7FZ7R)</span>
                  <div class="stack-trace">org.openqa.selenium.ElementClickInterceptedException: element click intercepted: Element &lt;button class=&quot;btn btn--create btn--new-domain wd-add-domain&quot; data-ng-click=&quot;ctrl.addDomain()&quot;&gt;...&lt;/button&gt; is not clickable at point (928, 272). Other element would receive the click: &lt;div class=&quot;splash-dialog-wrapper&quot; data-ng-click=&quot;!ctrl.enableDismissalConnectDialog() &amp;amp;&amp;amp; ctrl.connectionState === ConnectionState.CONNECTED ? ctrl.hide() : angular.noop()&quot; data-ng-if=&quot;ctrl.isVisible&quot; role=&quot;button&quot; tabindex=&quot;0&quot;&gt;...&lt;/div&gt;
  (Session info: chrome=131.0.6778.140)
Build info: version: &apos;4.19.1&apos;, revision: &apos;abe0ee07dc&apos;
System info: os.name: &apos;Windows 11&apos;, os.arch: &apos;amd64&apos;, os.version: &apos;10.0&apos;, java.version: &apos;21.0.2&apos;
Driver info: org.openqa.selenium.chrome.ChromeDriver
Command: [594f7e4ad715a299e6b585343bd0e122, clickElement {id=f.E53CC86052A1410DD031C3F6B1DFCDA4.d.988159696989831227BAD40A00A8C268.e.181}]
Capabilities {acceptInsecureCerts: false, browserName: chrome, browserVersion: 131.0.6778.140, chrome: {chromedriverVersion: 131.0.6778.108 (3b014839fbc..., userDataDir: C:\Temp\scoped_dir20736_208...}, fedcm:accounts: true, goog:chromeOptions: {debuggerAddress: localhost:51149}, networkConnectionEnabled: false, pageLoadStrategy: normal, platformName: windows, proxy: Proxy(), se:cdp: ws://localhost:51149/devtoo..., se:cdpVersion: 131.0.6778.140, setWindowRect: true, strictFileInteractability: false, timeouts: {implicit: 0, pageLoad: 300000, script: 30000}, unhandledPromptBehavior: dismiss and notify, webauthn:extension:credBlob: true, webauthn:extension:largeBlob: true, webauthn:extension:minPinLength: true, webauthn:extension:prf: true, webauthn:virtualAuthenticators: true}
Element: [[ChromeDriver: chrome on windows (594f7e4ad715a299e6b585343bd0e122)] -&gt; xpath: //button[text()[normalize-space()=&apos;Add domain&apos;]]]
Session ID: 594f7e4ad715a299e6b585343bd0e122
	at org.openqa.selenium.remote.ErrorCodec.decode(ErrorCodec.java:167)
	at org.openqa.selenium.remote.codec.w3c.W3CHttpResponseCodec.decode(W3CHttpResponseCodec.java:138)
	at org.openqa.selenium.remote.codec.w3c.W3CHttpResponseCodec.decode(W3CHttpResponseCodec.java:50)
	at org.openqa.selenium.remote.HttpCommandExecutor.execute(HttpCommandExecutor.java:190)
	at org.openqa.selenium.remote.service.DriverCommandExecutor.invokeExecute(DriverCommandExecutor.java:216)
	at org.openqa.selenium.remote.service.DriverCommandExecutor.execute(DriverCommandExecutor.java:174)
	at org.openqa.selenium.remote.RemoteWebDriver.execute(RemoteWebDriver.java:518)
	at org.openqa.selenium.remote.RemoteWebElement.execute(RemoteWebElement.java:223)
	at org.openqa.selenium.remote.RemoteWebElement.click(RemoteWebElement.java:76)
	at pom.pageElements.steps(pageElements.java:29)
	at TestCases.VerifyTagTest.tagTestSteps(VerifyTagTest.java:20)
	at java.base/java.util.ArrayList.forEach(ArrayList.java:1596)
... Removed 28 stack frames
</div> <!-- stack-trace -->
                </div> <!-- method-content -->
              </div> <!-- method -->
              <div class="method">
                <div class="method-content">
                  <a name="tagTestSteps(https://datawave.hk/, G-XD4HJKMN5J, GTM-T8W4LRF)">
                  </a> <!-- tagTestSteps(https://datawave.hk/, G-XD4HJKMN5J, GTM-T8W4LRF) -->
                  <span class="method-name">tagTestSteps</span>
                  <span class="parameters">(https://datawave.hk/,G-XD4HJKMN5J,GTM-T8W4LRF)</span>
                  <div class="stack-trace">org.openqa.selenium.NoSuchElementException: no such element: Unable to locate element: {&quot;method&quot;:&quot;xpath&quot;,&quot;selector&quot;:&quot;//input[@id=&apos;domain-start-url&apos;]&quot;}
  (Session info: chrome=131.0.6778.140)
For documentation on this error, please visit: https://www.selenium.dev/documentation/webdriver/troubleshooting/errors#no-such-element-exception
Build info: version: &apos;4.19.1&apos;, revision: &apos;abe0ee07dc&apos;
System info: os.name: &apos;Windows 11&apos;, os.arch: &apos;amd64&apos;, os.version: &apos;10.0&apos;, java.version: &apos;21.0.2&apos;
Driver info: org.openqa.selenium.chrome.ChromeDriver
Command: [594f7e4ad715a299e6b585343bd0e122, findElement {value=//input[@id=&apos;domain-start-url&apos;], using=xpath}]
Capabilities {acceptInsecureCerts: false, browserName: chrome, browserVersion: 131.0.6778.140, chrome: {chromedriverVersion: 131.0.6778.108 (3b014839fbc..., userDataDir: C:\Temp\scoped_dir20736_208...}, fedcm:accounts: true, goog:chromeOptions: {debuggerAddress: localhost:51149}, networkConnectionEnabled: false, pageLoadStrategy: normal, platformName: windows, proxy: Proxy(), se:cdp: ws://localhost:51149/devtoo..., se:cdpVersion: 131.0.6778.140, setWindowRect: true, strictFileInteractability: false, timeouts: {implicit: 0, pageLoad: 300000, script: 30000}, unhandledPromptBehavior: dismiss and notify, webauthn:extension:credBlob: true, webauthn:extension:largeBlob: true, webauthn:extension:minPinLength: true, webauthn:extension:prf: true, webauthn:virtualAuthenticators: true}
Session ID: 594f7e4ad715a299e6b585343bd0e122
	at org.openqa.selenium.remote.ErrorCodec.decode(ErrorCodec.java:167)
	at org.openqa.selenium.remote.codec.w3c.W3CHttpResponseCodec.decode(W3CHttpResponseCodec.java:138)
	at org.openqa.selenium.remote.codec.w3c.W3CHttpResponseCodec.decode(W3CHttpResponseCodec.java:50)
	at org.openqa.selenium.remote.HttpCommandExecutor.execute(HttpCommandExecutor.java:190)
	at org.openqa.selenium.remote.service.DriverCommandExecutor.invokeExecute(DriverCommandExecutor.java:216)
	at org.openqa.selenium.remote.service.DriverCommandExecutor.execute(DriverCommandExecutor.java:174)
	at org.openqa.selenium.remote.RemoteWebDriver.execute(RemoteWebDriver.java:518)
	at org.openqa.selenium.remote.ElementLocation$ElementFinder$2.findElement(ElementLocation.java:165)
	at org.openqa.selenium.remote.ElementLocation.findElement(ElementLocation.java:59)
	at org.openqa.selenium.remote.RemoteWebDriver.findElement(RemoteWebDriver.java:355)
	at org.openqa.selenium.remote.RemoteWebDriver.findElement(RemoteWebDriver.java:349)
	at pom.pageElements.steps(pageElements.java:32)
	at TestCases.VerifyTagTest.tagTestSteps(VerifyTagTest.java:20)
	at java.base/java.util.ArrayList.forEach(ArrayList.java:1596)
... Removed 28 stack frames
</div> <!-- stack-trace -->
                </div> <!-- method-content -->
              </div> <!-- method -->
              <div class="method">
                <div class="method-content">
                  <a name="tagTestSteps(https://inco.in/, G-6D4VHD6302, GTM-T9V3XLG)">
                  </a> <!-- tagTestSteps(https://inco.in/, G-6D4VHD6302, GTM-T9V3XLG) -->
                  <span class="method-name">tagTestSteps</span>
                  <span class="parameters">(https://inco.in/,G-6D4VHD6302,GTM-T9V3XLG)</span>
                  <div class="stack-trace">org.openqa.selenium.NoSuchElementException: no such element: Unable to locate element: {&quot;method&quot;:&quot;css selector&quot;,&quot;selector&quot;:&quot;.__TAG_ASSISTANT_BADGE&quot;}
  (Session info: chrome=131.0.6778.140)
For documentation on this error, please visit: https://www.selenium.dev/documentation/webdriver/troubleshooting/errors#no-such-element-exception
Build info: version: &apos;4.19.1&apos;, revision: &apos;abe0ee07dc&apos;
System info: os.name: &apos;Windows 11&apos;, os.arch: &apos;amd64&apos;, os.version: &apos;10.0&apos;, java.version: &apos;21.0.2&apos;
Driver info: org.openqa.selenium.chrome.ChromeDriver
Command: [594f7e4ad715a299e6b585343bd0e122, findElement {value=__TAG_ASSISTANT_BADGE, using=class name}]
Capabilities {acceptInsecureCerts: false, browserName: chrome, browserVersion: 131.0.6778.140, chrome: {chromedriverVersion: 131.0.6778.108 (3b014839fbc..., userDataDir: C:\Temp\scoped_dir20736_208...}, fedcm:accounts: true, goog:chromeOptions: {debuggerAddress: localhost:51149}, networkConnectionEnabled: false, pageLoadStrategy: normal, platformName: windows, proxy: Proxy(), se:cdp: ws://localhost:51149/devtoo..., se:cdpVersion: 131.0.6778.140, setWindowRect: true, strictFileInteractability: false, timeouts: {implicit: 0, pageLoad: 300000, script: 30000}, unhandledPromptBehavior: dismiss and notify, webauthn:extension:credBlob: true, webauthn:extension:largeBlob: true, webauthn:extension:minPinLength: true, webauthn:extension:prf: true, webauthn:virtualAuthenticators: true}
Session ID: 594f7e4ad715a299e6b585343bd0e122
	at org.openqa.selenium.remote.ErrorCodec.decode(ErrorCodec.java:167)
	at org.openqa.selenium.remote.codec.w3c.W3CHttpResponseCodec.decode(W3CHttpResponseCodec.java:138)
	at org.openqa.selenium.remote.codec.w3c.W3CHttpResponseCodec.decode(W3CHttpResponseCodec.java:50)
	at org.openqa.selenium.remote.HttpCommandExecutor.execute(HttpCommandExecutor.java:190)
	at org.openqa.selenium.remote.service.DriverCommandExecutor.invokeExecute(DriverCommandExecutor.java:216)
	at org.openqa.selenium.remote.service.DriverCommandExecutor.execute(DriverCommandExecutor.java:174)
	at org.openqa.selenium.remote.RemoteWebDriver.execute(RemoteWebDriver.java:518)
	at org.openqa.selenium.remote.ElementLocation$ElementFinder$2.findElement(ElementLocation.java:165)
	at org.openqa.selenium.remote.ElementLocation.findElement(ElementLocation.java:59)
	at org.openqa.selenium.remote.RemoteWebDriver.findElement(RemoteWebDriver.java:355)
	at org.openqa.selenium.remote.RemoteWebDriver.findElement(RemoteWebDriver.java:349)
	at pom.pageElements.steps(pageElements.java:52)
	at TestCases.VerifyTagTest.tagTestSteps(VerifyTagTest.java:20)
	at java.base/java.util.ArrayList.forEach(ArrayList.java:1596)
... Removed 28 stack frames
</div> <!-- stack-trace -->
                </div> <!-- method-content -->
              </div> <!-- method -->
              <div class="method">
                <div class="method-content">
                  <a name="tagTestSteps(https://exclusive-venue.com/, G-BHBPQB3LZE, 0)">
                  </a> <!-- tagTestSteps(https://exclusive-venue.com/, G-BHBPQB3LZE, 0) -->
                  <span class="method-name">tagTestSteps</span>
                  <span class="parameters">(https://exclusive-venue.com/,G-BHBPQB3LZE,0)</span>
                  <div class="stack-trace">org.openqa.selenium.ElementClickInterceptedException: element click intercepted: Element &lt;button class=&quot;btn btn--create btn--new-domain wd-add-domain&quot; data-ng-click=&quot;ctrl.addDomain()&quot;&gt;...&lt;/button&gt; is not clickable at point (928, 114). Other element would receive the click: &lt;div class=&quot;splash-dialog-wrapper&quot; data-ng-click=&quot;!ctrl.enableDismissalConnectDialog() &amp;amp;&amp;amp; ctrl.connectionState === ConnectionState.CONNECTED ? ctrl.hide() : angular.noop()&quot; data-ng-if=&quot;ctrl.isVisible&quot; role=&quot;button&quot; tabindex=&quot;0&quot;&gt;...&lt;/div&gt;
  (Session info: chrome=131.0.6778.140)
Build info: version: &apos;4.19.1&apos;, revision: &apos;abe0ee07dc&apos;
System info: os.name: &apos;Windows 11&apos;, os.arch: &apos;amd64&apos;, os.version: &apos;10.0&apos;, java.version: &apos;21.0.2&apos;
Driver info: org.openqa.selenium.chrome.ChromeDriver
Command: [594f7e4ad715a299e6b585343bd0e122, clickElement {id=f.E53CC86052A1410DD031C3F6B1DFCDA4.d.FEE08E717D9EEF9CDB69721224256BB0.e.910}]
Capabilities {acceptInsecureCerts: false, browserName: chrome, browserVersion: 131.0.6778.140, chrome: {chromedriverVersion: 131.0.6778.108 (3b014839fbc..., userDataDir: C:\Temp\scoped_dir20736_208...}, fedcm:accounts: true, goog:chromeOptions: {debuggerAddress: localhost:51149}, networkConnectionEnabled: false, pageLoadStrategy: normal, platformName: windows, proxy: Proxy(), se:cdp: ws://localhost:51149/devtoo..., se:cdpVersion: 131.0.6778.140, setWindowRect: true, strictFileInteractability: false, timeouts: {implicit: 0, pageLoad: 300000, script: 30000}, unhandledPromptBehavior: dismiss and notify, webauthn:extension:credBlob: true, webauthn:extension:largeBlob: true, webauthn:extension:minPinLength: true, webauthn:extension:prf: true, webauthn:virtualAuthenticators: true}
Element: [[ChromeDriver: chrome on windows (594f7e4ad715a299e6b585343bd0e122)] -&gt; xpath: //button[text()[normalize-space()=&apos;Add domain&apos;]]]
Session ID: 594f7e4ad715a299e6b585343bd0e122
	at org.openqa.selenium.remote.ErrorCodec.decode(ErrorCodec.java:167)
	at org.openqa.selenium.remote.codec.w3c.W3CHttpResponseCodec.decode(W3CHttpResponseCodec.java:138)
	at org.openqa.selenium.remote.codec.w3c.W3CHttpResponseCodec.decode(W3CHttpResponseCodec.java:50)
	at org.openqa.selenium.remote.HttpCommandExecutor.execute(HttpCommandExecutor.java:190)
	at org.openqa.selenium.remote.service.DriverCommandExecutor.invokeExecute(DriverCommandExecutor.java:216)
	at org.openqa.selenium.remote.service.DriverCommandExecutor.execute(DriverCommandExecutor.java:174)
	at org.openqa.selenium.remote.RemoteWebDriver.execute(RemoteWebDriver.java:518)
	at org.openqa.selenium.remote.RemoteWebElement.execute(RemoteWebElement.java:223)
	at org.openqa.selenium.remote.RemoteWebElement.click(RemoteWebElement.java:76)
	at pom.pageElements.steps(pageElements.java:29)
	at TestCases.VerifyTagTest.tagTestSteps(VerifyTagTest.java:20)
	at java.base/java.util.ArrayList.forEach(ArrayList.java:1596)
... Removed 28 stack frames
</div> <!-- stack-trace -->
                </div> <!-- method-content -->
              </div> <!-- method -->
            </div> <!-- main-panel-content rounded-window-bottom -->
          </div> <!-- suite-Suite-class-failed -->
          <div class="suite-Suite-class-skipped">
            <div class="main-panel-header rounded-window-top">
              <img src="skipped.png"/>
              <span class="class-name">TestCases.VerifyTagTest</span>
            </div> <!-- main-panel-header rounded-window-top -->
            <div class="main-panel-content rounded-window-bottom">
              <div class="method">
                <div class="method-content">
                  <a name="tagTestSteps(https://exclusive-venue.com/, G-BHBPQB3LZE, 0)">
                  </a> <!-- tagTestSteps(https://exclusive-venue.com/, G-BHBPQB3LZE, 0) -->
                  <span class="method-name">tagTestSteps</span>
                  <span class="parameters">(https://exclusive-venue.com/,G-BHBPQB3LZE,0)</span>
                  <div class="stack-trace">org.openqa.selenium.NoSuchElementException: no such element: Unable to locate element: {&quot;method&quot;:&quot;css selector&quot;,&quot;selector&quot;:&quot;.__TAG_ASSISTANT_BADGE&quot;}
  (Session info: chrome=131.0.6778.140)
For documentation on this error, please visit: https://www.selenium.dev/documentation/webdriver/troubleshooting/errors#no-such-element-exception
Build info: version: &apos;4.19.1&apos;, revision: &apos;abe0ee07dc&apos;
System info: os.name: &apos;Windows 11&apos;, os.arch: &apos;amd64&apos;, os.version: &apos;10.0&apos;, java.version: &apos;21.0.2&apos;
Driver info: org.openqa.selenium.chrome.ChromeDriver
Command: [594f7e4ad715a299e6b585343bd0e122, findElement {value=__TAG_ASSISTANT_BADGE, using=class name}]
Capabilities {acceptInsecureCerts: false, browserName: chrome, browserVersion: 131.0.6778.140, chrome: {chromedriverVersion: 131.0.6778.108 (3b014839fbc..., userDataDir: C:\Temp\scoped_dir20736_208...}, fedcm:accounts: true, goog:chromeOptions: {debuggerAddress: localhost:51149}, networkConnectionEnabled: false, pageLoadStrategy: normal, platformName: windows, proxy: Proxy(), se:cdp: ws://localhost:51149/devtoo..., se:cdpVersion: 131.0.6778.140, setWindowRect: true, strictFileInteractability: false, timeouts: {implicit: 0, pageLoad: 300000, script: 30000}, unhandledPromptBehavior: dismiss and notify, webauthn:extension:credBlob: true, webauthn:extension:largeBlob: true, webauthn:extension:minPinLength: true, webauthn:extension:prf: true, webauthn:virtualAuthenticators: true}
Session ID: 594f7e4ad715a299e6b585343bd0e122
	at org.openqa.selenium.remote.ErrorCodec.decode(ErrorCodec.java:167)
	at org.openqa.selenium.remote.codec.w3c.W3CHttpResponseCodec.decode(W3CHttpResponseCodec.java:138)
	at org.openqa.selenium.remote.codec.w3c.W3CHttpResponseCodec.decode(W3CHttpResponseCodec.java:50)
	at org.openqa.selenium.remote.HttpCommandExecutor.execute(HttpCommandExecutor.java:190)
	at org.openqa.selenium.remote.service.DriverCommandExecutor.invokeExecute(DriverCommandExecutor.java:216)
	at org.openqa.selenium.remote.service.DriverCommandExecutor.execute(DriverCommandExecutor.java:174)
	at org.openqa.selenium.remote.RemoteWebDriver.execute(RemoteWebDriver.java:518)
	at org.openqa.selenium.remote.ElementLocation$ElementFinder$2.findElement(ElementLocation.java:165)
	at org.openqa.selenium.remote.ElementLocation.findElement(ElementLocation.java:59)
	at org.openqa.selenium.remote.RemoteWebDriver.findElement(RemoteWebDriver.java:355)
	at org.openqa.selenium.remote.RemoteWebDriver.findElement(RemoteWebDriver.java:349)
	at pom.pageElements.steps(pageElements.java:52)
	at TestCases.VerifyTagTest.tagTestSteps(VerifyTagTest.java:20)
	at java.base/java.util.ArrayList.forEach(ArrayList.java:1596)
... Removed 28 stack frames
</div> <!-- stack-trace -->
                </div> <!-- method-content -->
              </div> <!-- method -->
              <div class="method">
                <div class="method-content">
                  <a name="tagTestSteps(https://castelbel.hk/, G-JV8HRD5LHW, GTM-WV54F6S)">
                  </a> <!-- tagTestSteps(https://castelbel.hk/, G-JV8HRD5LHW, GTM-WV54F6S) -->
                  <span class="method-name">tagTestSteps</span>
                  <span class="parameters">(https://castelbel.hk/,G-JV8HRD5LHW,GTM-WV54F6S)</span>
                  <div class="stack-trace">org.openqa.selenium.NoSuchElementException: no such element: Unable to locate element: {&quot;method&quot;:&quot;css selector&quot;,&quot;selector&quot;:&quot;.__TAG_ASSISTANT_BADGE&quot;}
  (Session info: chrome=131.0.6778.140)
For documentation on this error, please visit: https://www.selenium.dev/documentation/webdriver/troubleshooting/errors#no-such-element-exception
Build info: version: &apos;4.19.1&apos;, revision: &apos;abe0ee07dc&apos;
System info: os.name: &apos;Windows 11&apos;, os.arch: &apos;amd64&apos;, os.version: &apos;10.0&apos;, java.version: &apos;21.0.2&apos;
Driver info: org.openqa.selenium.chrome.ChromeDriver
Command: [594f7e4ad715a299e6b585343bd0e122, findElement {value=__TAG_ASSISTANT_BADGE, using=class name}]
Capabilities {acceptInsecureCerts: false, browserName: chrome, browserVersion: 131.0.6778.140, chrome: {chromedriverVersion: 131.0.6778.108 (3b014839fbc..., userDataDir: C:\Temp\scoped_dir20736_208...}, fedcm:accounts: true, goog:chromeOptions: {debuggerAddress: localhost:51149}, networkConnectionEnabled: false, pageLoadStrategy: normal, platformName: windows, proxy: Proxy(), se:cdp: ws://localhost:51149/devtoo..., se:cdpVersion: 131.0.6778.140, setWindowRect: true, strictFileInteractability: false, timeouts: {implicit: 0, pageLoad: 300000, script: 30000}, unhandledPromptBehavior: dismiss and notify, webauthn:extension:credBlob: true, webauthn:extension:largeBlob: true, webauthn:extension:minPinLength: true, webauthn:extension:prf: true, webauthn:virtualAuthenticators: true}
Session ID: 594f7e4ad715a299e6b585343bd0e122
	at org.openqa.selenium.remote.ErrorCodec.decode(ErrorCodec.java:167)
	at org.openqa.selenium.remote.codec.w3c.W3CHttpResponseCodec.decode(W3CHttpResponseCodec.java:138)
	at org.openqa.selenium.remote.codec.w3c.W3CHttpResponseCodec.decode(W3CHttpResponseCodec.java:50)
	at org.openqa.selenium.remote.HttpCommandExecutor.execute(HttpCommandExecutor.java:190)
	at org.openqa.selenium.remote.service.DriverCommandExecutor.invokeExecute(DriverCommandExecutor.java:216)
	at org.openqa.selenium.remote.service.DriverCommandExecutor.execute(DriverCommandExecutor.java:174)
	at org.openqa.selenium.remote.RemoteWebDriver.execute(RemoteWebDriver.java:518)
	at org.openqa.selenium.remote.ElementLocation$ElementFinder$2.findElement(ElementLocation.java:165)
	at org.openqa.selenium.remote.ElementLocation.findElement(ElementLocation.java:59)
	at org.openqa.selenium.remote.RemoteWebDriver.findElement(RemoteWebDriver.java:355)
	at org.openqa.selenium.remote.RemoteWebDriver.findElement(RemoteWebDriver.java:349)
	at pom.pageElements.steps(pageElements.java:52)
	at TestCases.VerifyTagTest.tagTestSteps(VerifyTagTest.java:20)
	at java.base/java.util.ArrayList.forEach(ArrayList.java:1596)
... Removed 28 stack frames
</div> <!-- stack-trace -->
                </div> <!-- method-content -->
              </div> <!-- method -->
              <div class="method">
                <div class="method-content">
                  <a name="tagTestSteps(https://inco.in/, G-6D4VHD6302, GTM-T9V3XLG)">
                  </a> <!-- tagTestSteps(https://inco.in/, G-6D4VHD6302, GTM-T9V3XLG) -->
                  <span class="method-name">tagTestSteps</span>
                  <span class="parameters">(https://inco.in/,G-6D4VHD6302,GTM-T9V3XLG)</span>
                  <div class="stack-trace">org.openqa.selenium.NoSuchElementException: no such element: Unable to locate element: {&quot;method&quot;:&quot;css selector&quot;,&quot;selector&quot;:&quot;.__TAG_ASSISTANT_BADGE&quot;}
  (Session info: chrome=131.0.6778.140)
For documentation on this error, please visit: https://www.selenium.dev/documentation/webdriver/troubleshooting/errors#no-such-element-exception
Build info: version: &apos;4.19.1&apos;, revision: &apos;abe0ee07dc&apos;
System info: os.name: &apos;Windows 11&apos;, os.arch: &apos;amd64&apos;, os.version: &apos;10.0&apos;, java.version: &apos;21.0.2&apos;
Driver info: org.openqa.selenium.chrome.ChromeDriver
Command: [594f7e4ad715a299e6b585343bd0e122, findElement {value=__TAG_ASSISTANT_BADGE, using=class name}]
Capabilities {acceptInsecureCerts: false, browserName: chrome, browserVersion: 131.0.6778.140, chrome: {chromedriverVersion: 131.0.6778.108 (3b014839fbc..., userDataDir: C:\Temp\scoped_dir20736_208...}, fedcm:accounts: true, goog:chromeOptions: {debuggerAddress: localhost:51149}, networkConnectionEnabled: false, pageLoadStrategy: normal, platformName: windows, proxy: Proxy(), se:cdp: ws://localhost:51149/devtoo..., se:cdpVersion: 131.0.6778.140, setWindowRect: true, strictFileInteractability: false, timeouts: {implicit: 0, pageLoad: 300000, script: 30000}, unhandledPromptBehavior: dismiss and notify, webauthn:extension:credBlob: true, webauthn:extension:largeBlob: true, webauthn:extension:minPinLength: true, webauthn:extension:prf: true, webauthn:virtualAuthenticators: true}
Session ID: 594f7e4ad715a299e6b585343bd0e122
	at org.openqa.selenium.remote.ErrorCodec.decode(ErrorCodec.java:167)
	at org.openqa.selenium.remote.codec.w3c.W3CHttpResponseCodec.decode(W3CHttpResponseCodec.java:138)
	at org.openqa.selenium.remote.codec.w3c.W3CHttpResponseCodec.decode(W3CHttpResponseCodec.java:50)
	at org.openqa.selenium.remote.HttpCommandExecutor.execute(HttpCommandExecutor.java:190)
	at org.openqa.selenium.remote.service.DriverCommandExecutor.invokeExecute(DriverCommandExecutor.java:216)
	at org.openqa.selenium.remote.service.DriverCommandExecutor.execute(DriverCommandExecutor.java:174)
	at org.openqa.selenium.remote.RemoteWebDriver.execute(RemoteWebDriver.java:518)
	at org.openqa.selenium.remote.ElementLocation$ElementFinder$2.findElement(ElementLocation.java:165)
	at org.openqa.selenium.remote.ElementLocation.findElement(ElementLocation.java:59)
	at org.openqa.selenium.remote.RemoteWebDriver.findElement(RemoteWebDriver.java:355)
	at org.openqa.selenium.remote.RemoteWebDriver.findElement(RemoteWebDriver.java:349)
	at pom.pageElements.steps(pageElements.java:52)
	at TestCases.VerifyTagTest.tagTestSteps(VerifyTagTest.java:20)
	at java.base/java.util.ArrayList.forEach(ArrayList.java:1596)
... Removed 28 stack frames
</div> <!-- stack-trace -->
                </div> <!-- method-content -->
              </div> <!-- method -->
              <div class="method">
                <div class="method-content">
                  <a name="tagTestSteps(https://inco.in/, G-6D4VHD6302, GTM-T9V3XLG)">
                  </a> <!-- tagTestSteps(https://inco.in/, G-6D4VHD6302, GTM-T9V3XLG) -->
                  <span class="method-name">tagTestSteps</span>
                  <span class="parameters">(https://inco.in/,G-6D4VHD6302,GTM-T9V3XLG)</span>
                  <div class="stack-trace">org.openqa.selenium.ElementClickInterceptedException: element click intercepted: Element &lt;iframe src=&quot;about:blank&quot; class=&quot;__TAG_ASSISTANT_BADGE&quot; frameborder=&quot;0&quot; style=&quot;border: 0px !important; inset: auto 24px 24px auto !important; border-radius: 8px !important; box-shadow: rgba(0, 0, 0, 0.2) 0px 3px 5px -1px, rgba(0, 0, 0, 0.14) 0px 5px 8px 0px, rgba(0, 0, 0, 0.12) 0px 1px 14px 0px !important; clip: initial !important; display: inline !important; height: 315px !important; margin: 0px !important; max-width: 95% !important; opacity: 1 !important; padding: 0px !important; position: fixed !important; visibility: visible !important; width: 450px !important; z-index: 2147483647 !important;&quot; cd_frame_id_=&quot;dc9191c840e8e66b76780ad366538e60&quot;&gt;&lt;/iframe&gt; is not clickable at point (971, 644). Other element would receive the click: &lt;div class=&quot;zsiq_flt_rel&quot;&gt;...&lt;/div&gt;
  (Session info: chrome=131.0.6778.140)
Build info: version: &apos;4.19.1&apos;, revision: &apos;abe0ee07dc&apos;
System info: os.name: &apos;Windows 11&apos;, os.arch: &apos;amd64&apos;, os.version: &apos;10.0&apos;, java.version: &apos;21.0.2&apos;
Driver info: org.openqa.selenium.chrome.ChromeDriver
Command: [594f7e4ad715a299e6b585343bd0e122, clickElement {id=f.D1CB4FB88979D11D2CB69AD79E05AEF1.d.8BB43BEEE13FCB86863962317592CA48.e.35}]
Capabilities {acceptInsecureCerts: false, browserName: chrome, browserVersion: 131.0.6778.140, chrome: {chromedriverVersion: 131.0.6778.108 (3b014839fbc..., userDataDir: C:\Temp\scoped_dir20736_208...}, fedcm:accounts: true, goog:chromeOptions: {debuggerAddress: localhost:51149}, networkConnectionEnabled: false, pageLoadStrategy: normal, platformName: windows, proxy: Proxy(), se:cdp: ws://localhost:51149/devtoo..., se:cdpVersion: 131.0.6778.140, setWindowRect: true, strictFileInteractability: false, timeouts: {implicit: 0, pageLoad: 300000, script: 30000}, unhandledPromptBehavior: dismiss and notify, webauthn:extension:credBlob: true, webauthn:extension:largeBlob: true, webauthn:extension:minPinLength: true, webauthn:extension:prf: true, webauthn:virtualAuthenticators: true}
Element: [[ChromeDriver: chrome on windows (594f7e4ad715a299e6b585343bd0e122)] -&gt; xpath: //button[contains(text(),&apos; Finish &apos;)]]
Session ID: 594f7e4ad715a299e6b585343bd0e122
	at org.openqa.selenium.remote.ErrorCodec.decode(ErrorCodec.java:167)
	at org.openqa.selenium.remote.codec.w3c.W3CHttpResponseCodec.decode(W3CHttpResponseCodec.java:138)
	at org.openqa.selenium.remote.codec.w3c.W3CHttpResponseCodec.decode(W3CHttpResponseCodec.java:50)
	at org.openqa.selenium.remote.HttpCommandExecutor.execute(HttpCommandExecutor.java:190)
	at org.openqa.selenium.remote.service.DriverCommandExecutor.invokeExecute(DriverCommandExecutor.java:216)
	at org.openqa.selenium.remote.service.DriverCommandExecutor.execute(DriverCommandExecutor.java:174)
	at org.openqa.selenium.remote.RemoteWebDriver.execute(RemoteWebDriver.java:518)
	at org.openqa.selenium.remote.RemoteWebElement.execute(RemoteWebElement.java:223)
	at org.openqa.selenium.remote.RemoteWebElement.click(RemoteWebElement.java:76)
	at pom.pageElements.steps(pageElements.java:57)
	at TestCases.VerifyTagTest.tagTestSteps(VerifyTagTest.java:20)
	at java.base/java.util.ArrayList.forEach(ArrayList.java:1596)
... Removed 28 stack frames
</div> <!-- stack-trace -->
                </div> <!-- method-content -->
              </div> <!-- method -->
              <div class="method">
                <div class="method-content">
                  <a name="tagTestSteps(https://exclusive-venue.com/, G-BHBPQB3LZE, 0)">
                  </a> <!-- tagTestSteps(https://exclusive-venue.com/, G-BHBPQB3LZE, 0) -->
                  <span class="method-name">tagTestSteps</span>
                  <span class="parameters">(https://exclusive-venue.com/,G-BHBPQB3LZE,0)</span>
                  <div class="stack-trace">org.openqa.selenium.NoSuchElementException: no such element: Unable to locate element: {&quot;method&quot;:&quot;css selector&quot;,&quot;selector&quot;:&quot;.__TAG_ASSISTANT_BADGE&quot;}
  (Session info: chrome=131.0.6778.140)
For documentation on this error, please visit: https://www.selenium.dev/documentation/webdriver/troubleshooting/errors#no-such-element-exception
Build info: version: &apos;4.19.1&apos;, revision: &apos;abe0ee07dc&apos;
System info: os.name: &apos;Windows 11&apos;, os.arch: &apos;amd64&apos;, os.version: &apos;10.0&apos;, java.version: &apos;21.0.2&apos;
Driver info: org.openqa.selenium.chrome.ChromeDriver
Command: [594f7e4ad715a299e6b585343bd0e122, findElement {value=__TAG_ASSISTANT_BADGE, using=class name}]
Capabilities {acceptInsecureCerts: false, browserName: chrome, browserVersion: 131.0.6778.140, chrome: {chromedriverVersion: 131.0.6778.108 (3b014839fbc..., userDataDir: C:\Temp\scoped_dir20736_208...}, fedcm:accounts: true, goog:chromeOptions: {debuggerAddress: localhost:51149}, networkConnectionEnabled: false, pageLoadStrategy: normal, platformName: windows, proxy: Proxy(), se:cdp: ws://localhost:51149/devtoo..., se:cdpVersion: 131.0.6778.140, setWindowRect: true, strictFileInteractability: false, timeouts: {implicit: 0, pageLoad: 300000, script: 30000}, unhandledPromptBehavior: dismiss and notify, webauthn:extension:credBlob: true, webauthn:extension:largeBlob: true, webauthn:extension:minPinLength: true, webauthn:extension:prf: true, webauthn:virtualAuthenticators: true}
Session ID: 594f7e4ad715a299e6b585343bd0e122
	at org.openqa.selenium.remote.ErrorCodec.decode(ErrorCodec.java:167)
	at org.openqa.selenium.remote.codec.w3c.W3CHttpResponseCodec.decode(W3CHttpResponseCodec.java:138)
	at org.openqa.selenium.remote.codec.w3c.W3CHttpResponseCodec.decode(W3CHttpResponseCodec.java:50)
	at org.openqa.selenium.remote.HttpCommandExecutor.execute(HttpCommandExecutor.java:190)
	at org.openqa.selenium.remote.service.DriverCommandExecutor.invokeExecute(DriverCommandExecutor.java:216)
	at org.openqa.selenium.remote.service.DriverCommandExecutor.execute(DriverCommandExecutor.java:174)
	at org.openqa.selenium.remote.RemoteWebDriver.execute(RemoteWebDriver.java:518)
	at org.openqa.selenium.remote.ElementLocation$ElementFinder$2.findElement(ElementLocation.java:165)
	at org.openqa.selenium.remote.ElementLocation.findElement(ElementLocation.java:59)
	at org.openqa.selenium.remote.RemoteWebDriver.findElement(RemoteWebDriver.java:355)
	at org.openqa.selenium.remote.RemoteWebDriver.findElement(RemoteWebDriver.java:349)
	at pom.pageElements.steps(pageElements.java:52)
	at TestCases.VerifyTagTest.tagTestSteps(VerifyTagTest.java:20)
	at java.base/java.util.ArrayList.forEach(ArrayList.java:1596)
... Removed 28 stack frames
</div> <!-- stack-trace -->
                </div> <!-- method-content -->
              </div> <!-- method -->
              <div class="method">
                <div class="method-content">
                  <a name="tagTestSteps(https://datawave.hk/, G-XD4HJKMN5J, GTM-T8W4LRF)">
                  </a> <!-- tagTestSteps(https://datawave.hk/, G-XD4HJKMN5J, GTM-T8W4LRF) -->
                  <span class="method-name">tagTestSteps</span>
                  <span class="parameters">(https://datawave.hk/,G-XD4HJKMN5J,GTM-T8W4LRF)</span>
                  <div class="stack-trace">org.openqa.selenium.ElementClickInterceptedException: element click intercepted: Element &lt;button class=&quot;btn btn--create btn--new-domain wd-add-domain&quot; data-ng-click=&quot;ctrl.addDomain()&quot;&gt;...&lt;/button&gt; is not clickable at point (928, 114). Other element would receive the click: &lt;div class=&quot;splash-dialog-wrapper&quot; data-ng-click=&quot;!ctrl.enableDismissalConnectDialog() &amp;amp;&amp;amp; ctrl.connectionState === ConnectionState.CONNECTED ? ctrl.hide() : angular.noop()&quot; data-ng-if=&quot;ctrl.isVisible&quot; role=&quot;button&quot; tabindex=&quot;0&quot;&gt;...&lt;/div&gt;
  (Session info: chrome=131.0.6778.140)
Build info: version: &apos;4.19.1&apos;, revision: &apos;abe0ee07dc&apos;
System info: os.name: &apos;Windows 11&apos;, os.arch: &apos;amd64&apos;, os.version: &apos;10.0&apos;, java.version: &apos;21.0.2&apos;
Driver info: org.openqa.selenium.chrome.ChromeDriver
Command: [594f7e4ad715a299e6b585343bd0e122, clickElement {id=f.E53CC86052A1410DD031C3F6B1DFCDA4.d.33FC50B5DEB2F2B97CD2337EEC771D2C.e.1588}]
Capabilities {acceptInsecureCerts: false, browserName: chrome, browserVersion: 131.0.6778.140, chrome: {chromedriverVersion: 131.0.6778.108 (3b014839fbc..., userDataDir: C:\Temp\scoped_dir20736_208...}, fedcm:accounts: true, goog:chromeOptions: {debuggerAddress: localhost:51149}, networkConnectionEnabled: false, pageLoadStrategy: normal, platformName: windows, proxy: Proxy(), se:cdp: ws://localhost:51149/devtoo..., se:cdpVersion: 131.0.6778.140, setWindowRect: true, strictFileInteractability: false, timeouts: {implicit: 0, pageLoad: 300000, script: 30000}, unhandledPromptBehavior: dismiss and notify, webauthn:extension:credBlob: true, webauthn:extension:largeBlob: true, webauthn:extension:minPinLength: true, webauthn:extension:prf: true, webauthn:virtualAuthenticators: true}
Element: [[ChromeDriver: chrome on windows (594f7e4ad715a299e6b585343bd0e122)] -&gt; xpath: //button[text()[normalize-space()=&apos;Add domain&apos;]]]
Session ID: 594f7e4ad715a299e6b585343bd0e122
	at org.openqa.selenium.remote.ErrorCodec.decode(ErrorCodec.java:167)
	at org.openqa.selenium.remote.codec.w3c.W3CHttpResponseCodec.decode(W3CHttpResponseCodec.java:138)
	at org.openqa.selenium.remote.codec.w3c.W3CHttpResponseCodec.decode(W3CHttpResponseCodec.java:50)
	at org.openqa.selenium.remote.HttpCommandExecutor.execute(HttpCommandExecutor.java:190)
	at org.openqa.selenium.remote.service.DriverCommandExecutor.invokeExecute(DriverCommandExecutor.java:216)
	at org.openqa.selenium.remote.service.DriverCommandExecutor.execute(DriverCommandExecutor.java:174)
	at org.openqa.selenium.remote.RemoteWebDriver.execute(RemoteWebDriver.java:518)
	at org.openqa.selenium.remote.RemoteWebElement.execute(RemoteWebElement.java:223)
	at org.openqa.selenium.remote.RemoteWebElement.click(RemoteWebElement.java:76)
	at pom.pageElements.steps(pageElements.java:29)
	at TestCases.VerifyTagTest.tagTestSteps(VerifyTagTest.java:20)
	at java.base/java.util.ArrayList.forEach(ArrayList.java:1596)
... Removed 28 stack frames
</div> <!-- stack-trace -->
                </div> <!-- method-content -->
              </div> <!-- method -->
              <div class="method">
                <div class="method-content">
                  <a name="tagTestSteps(https://patialahouse.ae/, G-91V1KL6Z7X, GTM-KP7FZ7R)">
                  </a> <!-- tagTestSteps(https://patialahouse.ae/, G-91V1KL6Z7X, GTM-KP7FZ7R) -->
                  <span class="method-name">tagTestSteps</span>
                  <span class="parameters">(https://patialahouse.ae/,G-91V1KL6Z7X,GTM-KP7FZ7R)</span>
                  <div class="stack-trace">org.openqa.selenium.ElementClickInterceptedException: element click intercepted: Element &lt;button class=&quot;btn btn--create btn--new-domain wd-add-domain&quot; data-ng-click=&quot;ctrl.addDomain()&quot;&gt;...&lt;/button&gt; is not clickable at point (928, 272). Other element would receive the click: &lt;div class=&quot;splash-dialog-wrapper&quot; data-ng-click=&quot;!ctrl.enableDismissalConnectDialog() &amp;amp;&amp;amp; ctrl.connectionState === ConnectionState.CONNECTED ? ctrl.hide() : angular.noop()&quot; data-ng-if=&quot;ctrl.isVisible&quot; role=&quot;button&quot; tabindex=&quot;0&quot;&gt;...&lt;/div&gt;
  (Session info: chrome=131.0.6778.140)
Build info: version: &apos;4.19.1&apos;, revision: &apos;abe0ee07dc&apos;
System info: os.name: &apos;Windows 11&apos;, os.arch: &apos;amd64&apos;, os.version: &apos;10.0&apos;, java.version: &apos;21.0.2&apos;
Driver info: org.openqa.selenium.chrome.ChromeDriver
Command: [594f7e4ad715a299e6b585343bd0e122, clickElement {id=f.E53CC86052A1410DD031C3F6B1DFCDA4.d.A81BEC0B0BB5C3CDC4FEB20FFD2B7002.e.147}]
Capabilities {acceptInsecureCerts: false, browserName: chrome, browserVersion: 131.0.6778.140, chrome: {chromedriverVersion: 131.0.6778.108 (3b014839fbc..., userDataDir: C:\Temp\scoped_dir20736_208...}, fedcm:accounts: true, goog:chromeOptions: {debuggerAddress: localhost:51149}, networkConnectionEnabled: false, pageLoadStrategy: normal, platformName: windows, proxy: Proxy(), se:cdp: ws://localhost:51149/devtoo..., se:cdpVersion: 131.0.6778.140, setWindowRect: true, strictFileInteractability: false, timeouts: {implicit: 0, pageLoad: 300000, script: 30000}, unhandledPromptBehavior: dismiss and notify, webauthn:extension:credBlob: true, webauthn:extension:largeBlob: true, webauthn:extension:minPinLength: true, webauthn:extension:prf: true, webauthn:virtualAuthenticators: true}
Element: [[ChromeDriver: chrome on windows (594f7e4ad715a299e6b585343bd0e122)] -&gt; xpath: //button[text()[normalize-space()=&apos;Add domain&apos;]]]
Session ID: 594f7e4ad715a299e6b585343bd0e122
	at org.openqa.selenium.remote.ErrorCodec.decode(ErrorCodec.java:167)
	at org.openqa.selenium.remote.codec.w3c.W3CHttpResponseCodec.decode(W3CHttpResponseCodec.java:138)
	at org.openqa.selenium.remote.codec.w3c.W3CHttpResponseCodec.decode(W3CHttpResponseCodec.java:50)
	at org.openqa.selenium.remote.HttpCommandExecutor.execute(HttpCommandExecutor.java:190)
	at org.openqa.selenium.remote.service.DriverCommandExecutor.invokeExecute(DriverCommandExecutor.java:216)
	at org.openqa.selenium.remote.service.DriverCommandExecutor.execute(DriverCommandExecutor.java:174)
	at org.openqa.selenium.remote.RemoteWebDriver.execute(RemoteWebDriver.java:518)
	at org.openqa.selenium.remote.RemoteWebElement.execute(RemoteWebElement.java:223)
	at org.openqa.selenium.remote.RemoteWebElement.click(RemoteWebElement.java:76)
	at pom.pageElements.steps(pageElements.java:29)
	at TestCases.VerifyTagTest.tagTestSteps(VerifyTagTest.java:20)
	at java.base/java.util.ArrayList.forEach(ArrayList.java:1596)
... Removed 28 stack frames
</div> <!-- stack-trace -->
                </div> <!-- method-content -->
              </div> <!-- method -->
              <div class="method">
                <div class="method-content">
                  <a name="tagTestSteps(https://patialahouse.ae/, G-91V1KL6Z7X, GTM-KP7FZ7R)">
                  </a> <!-- tagTestSteps(https://patialahouse.ae/, G-91V1KL6Z7X, GTM-KP7FZ7R) -->
                  <span class="method-name">tagTestSteps</span>
                  <span class="parameters">(https://patialahouse.ae/,G-91V1KL6Z7X,GTM-KP7FZ7R)</span>
                  <div class="stack-trace">org.openqa.selenium.ElementClickInterceptedException: element click intercepted: Element &lt;button class=&quot;btn btn--create btn--new-domain wd-add-domain&quot; data-ng-click=&quot;ctrl.addDomain()&quot;&gt;...&lt;/button&gt; is not clickable at point (928, 272). Other element would receive the click: &lt;div class=&quot;splash-dialog-wrapper&quot; data-ng-click=&quot;!ctrl.enableDismissalConnectDialog() &amp;amp;&amp;amp; ctrl.connectionState === ConnectionState.CONNECTED ? ctrl.hide() : angular.noop()&quot; data-ng-if=&quot;ctrl.isVisible&quot; role=&quot;button&quot; tabindex=&quot;0&quot;&gt;...&lt;/div&gt;
  (Session info: chrome=131.0.6778.140)
Build info: version: &apos;4.19.1&apos;, revision: &apos;abe0ee07dc&apos;
System info: os.name: &apos;Windows 11&apos;, os.arch: &apos;amd64&apos;, os.version: &apos;10.0&apos;, java.version: &apos;21.0.2&apos;
Driver info: org.openqa.selenium.chrome.ChromeDriver
Command: [594f7e4ad715a299e6b585343bd0e122, clickElement {id=f.E53CC86052A1410DD031C3F6B1DFCDA4.d.F979AF22F7D9623E7D34DA666CC62705.e.114}]
Capabilities {acceptInsecureCerts: false, browserName: chrome, browserVersion: 131.0.6778.140, chrome: {chromedriverVersion: 131.0.6778.108 (3b014839fbc..., userDataDir: C:\Temp\scoped_dir20736_208...}, fedcm:accounts: true, goog:chromeOptions: {debuggerAddress: localhost:51149}, networkConnectionEnabled: false, pageLoadStrategy: normal, platformName: windows, proxy: Proxy(), se:cdp: ws://localhost:51149/devtoo..., se:cdpVersion: 131.0.6778.140, setWindowRect: true, strictFileInteractability: false, timeouts: {implicit: 0, pageLoad: 300000, script: 30000}, unhandledPromptBehavior: dismiss and notify, webauthn:extension:credBlob: true, webauthn:extension:largeBlob: true, webauthn:extension:minPinLength: true, webauthn:extension:prf: true, webauthn:virtualAuthenticators: true}
Element: [[ChromeDriver: chrome on windows (594f7e4ad715a299e6b585343bd0e122)] -&gt; xpath: //button[text()[normalize-space()=&apos;Add domain&apos;]]]
Session ID: 594f7e4ad715a299e6b585343bd0e122
	at org.openqa.selenium.remote.ErrorCodec.decode(ErrorCodec.java:167)
	at org.openqa.selenium.remote.codec.w3c.W3CHttpResponseCodec.decode(W3CHttpResponseCodec.java:138)
	at org.openqa.selenium.remote.codec.w3c.W3CHttpResponseCodec.decode(W3CHttpResponseCodec.java:50)
	at org.openqa.selenium.remote.HttpCommandExecutor.execute(HttpCommandExecutor.java:190)
	at org.openqa.selenium.remote.service.DriverCommandExecutor.invokeExecute(DriverCommandExecutor.java:216)
	at org.openqa.selenium.remote.service.DriverCommandExecutor.execute(DriverCommandExecutor.java:174)
	at org.openqa.selenium.remote.RemoteWebDriver.execute(RemoteWebDriver.java:518)
	at org.openqa.selenium.remote.RemoteWebElement.execute(RemoteWebElement.java:223)
	at org.openqa.selenium.remote.RemoteWebElement.click(RemoteWebElement.java:76)
	at pom.pageElements.steps(pageElements.java:29)
	at TestCases.VerifyTagTest.tagTestSteps(VerifyTagTest.java:20)
	at java.base/java.util.ArrayList.forEach(ArrayList.java:1596)
... Removed 28 stack frames
</div> <!-- stack-trace -->
                </div> <!-- method-content -->
              </div> <!-- method -->
              <div class="method">
                <div class="method-content">
                  <a name="tagTestSteps(https://datawave.hk/, G-XD4HJKMN5J, GTM-T8W4LRF)">
                  </a> <!-- tagTestSteps(https://datawave.hk/, G-XD4HJKMN5J, GTM-T8W4LRF) -->
                  <span class="method-name">tagTestSteps</span>
                  <span class="parameters">(https://datawave.hk/,G-XD4HJKMN5J,GTM-T8W4LRF)</span>
                  <div class="stack-trace">org.openqa.selenium.ElementClickInterceptedException: element click intercepted: Element &lt;button class=&quot;btn btn--create btn--new-domain wd-add-domain&quot; data-ng-click=&quot;ctrl.addDomain()&quot;&gt;...&lt;/button&gt; is not clickable at point (928, 114). Other element would receive the click: &lt;div class=&quot;splash-dialog-wrapper&quot; data-ng-click=&quot;!ctrl.enableDismissalConnectDialog() &amp;amp;&amp;amp; ctrl.connectionState === ConnectionState.CONNECTED ? ctrl.hide() : angular.noop()&quot; data-ng-if=&quot;ctrl.isVisible&quot; role=&quot;button&quot; tabindex=&quot;0&quot;&gt;...&lt;/div&gt;
  (Session info: chrome=131.0.6778.140)
Build info: version: &apos;4.19.1&apos;, revision: &apos;abe0ee07dc&apos;
System info: os.name: &apos;Windows 11&apos;, os.arch: &apos;amd64&apos;, os.version: &apos;10.0&apos;, java.version: &apos;21.0.2&apos;
Driver info: org.openqa.selenium.chrome.ChromeDriver
Command: [594f7e4ad715a299e6b585343bd0e122, clickElement {id=f.E53CC86052A1410DD031C3F6B1DFCDA4.d.562B942F89B2411697153659ABE88DFB.e.1534}]
Capabilities {acceptInsecureCerts: false, browserName: chrome, browserVersion: 131.0.6778.140, chrome: {chromedriverVersion: 131.0.6778.108 (3b014839fbc..., userDataDir: C:\Temp\scoped_dir20736_208...}, fedcm:accounts: true, goog:chromeOptions: {debuggerAddress: localhost:51149}, networkConnectionEnabled: false, pageLoadStrategy: normal, platformName: windows, proxy: Proxy(), se:cdp: ws://localhost:51149/devtoo..., se:cdpVersion: 131.0.6778.140, setWindowRect: true, strictFileInteractability: false, timeouts: {implicit: 0, pageLoad: 300000, script: 30000}, unhandledPromptBehavior: dismiss and notify, webauthn:extension:credBlob: true, webauthn:extension:largeBlob: true, webauthn:extension:minPinLength: true, webauthn:extension:prf: true, webauthn:virtualAuthenticators: true}
Element: [[ChromeDriver: chrome on windows (594f7e4ad715a299e6b585343bd0e122)] -&gt; xpath: //button[text()[normalize-space()=&apos;Add domain&apos;]]]
Session ID: 594f7e4ad715a299e6b585343bd0e122
	at org.openqa.selenium.remote.ErrorCodec.decode(ErrorCodec.java:167)
	at org.openqa.selenium.remote.codec.w3c.W3CHttpResponseCodec.decode(W3CHttpResponseCodec.java:138)
	at org.openqa.selenium.remote.codec.w3c.W3CHttpResponseCodec.decode(W3CHttpResponseCodec.java:50)
	at org.openqa.selenium.remote.HttpCommandExecutor.execute(HttpCommandExecutor.java:190)
	at org.openqa.selenium.remote.service.DriverCommandExecutor.invokeExecute(DriverCommandExecutor.java:216)
	at org.openqa.selenium.remote.service.DriverCommandExecutor.execute(DriverCommandExecutor.java:174)
	at org.openqa.selenium.remote.RemoteWebDriver.execute(RemoteWebDriver.java:518)
	at org.openqa.selenium.remote.RemoteWebElement.execute(RemoteWebElement.java:223)
	at org.openqa.selenium.remote.RemoteWebElement.click(RemoteWebElement.java:76)
	at pom.pageElements.steps(pageElements.java:29)
	at TestCases.VerifyTagTest.tagTestSteps(VerifyTagTest.java:20)
	at java.base/java.util.ArrayList.forEach(ArrayList.java:1596)
... Removed 28 stack frames
</div> <!-- stack-trace -->
                </div> <!-- method-content -->
              </div> <!-- method -->
              <div class="method">
                <div class="method-content">
                  <a name="tagTestSteps(https://www.allrefrigerants.com/, G-ZQ08J2KHQ9, GTM-MC334VD)">
                  </a> <!-- tagTestSteps(https://www.allrefrigerants.com/, G-ZQ08J2KHQ9, GTM-MC334VD) -->
                  <span class="method-name">tagTestSteps</span>
                  <span class="parameters">(https://www.allrefrigerants.com/,G-ZQ08J2KHQ9,GTM-MC334VD)</span>
                  <div class="stack-trace">org.openqa.selenium.ElementClickInterceptedException: element click intercepted: Element &lt;button class=&quot;btn btn--create btn--new-domain wd-add-domain&quot; data-ng-click=&quot;ctrl.addDomain()&quot;&gt;...&lt;/button&gt; is not clickable at point (928, 272). Other element would receive the click: &lt;div class=&quot;splash-dialog-wrapper&quot; data-ng-click=&quot;!ctrl.enableDismissalConnectDialog() &amp;amp;&amp;amp; ctrl.connectionState === ConnectionState.CONNECTED ? ctrl.hide() : angular.noop()&quot; data-ng-if=&quot;ctrl.isVisible&quot; role=&quot;button&quot; tabindex=&quot;0&quot;&gt;...&lt;/div&gt;
  (Session info: chrome=131.0.6778.140)
Build info: version: &apos;4.19.1&apos;, revision: &apos;abe0ee07dc&apos;
System info: os.name: &apos;Windows 11&apos;, os.arch: &apos;amd64&apos;, os.version: &apos;10.0&apos;, java.version: &apos;21.0.2&apos;
Driver info: org.openqa.selenium.chrome.ChromeDriver
Command: [594f7e4ad715a299e6b585343bd0e122, clickElement {id=f.E53CC86052A1410DD031C3F6B1DFCDA4.d.5DA610F68BC6798C39F955851A617D95.e.240}]
Capabilities {acceptInsecureCerts: false, browserName: chrome, browserVersion: 131.0.6778.140, chrome: {chromedriverVersion: 131.0.6778.108 (3b014839fbc..., userDataDir: C:\Temp\scoped_dir20736_208...}, fedcm:accounts: true, goog:chromeOptions: {debuggerAddress: localhost:51149}, networkConnectionEnabled: false, pageLoadStrategy: normal, platformName: windows, proxy: Proxy(), se:cdp: ws://localhost:51149/devtoo..., se:cdpVersion: 131.0.6778.140, setWindowRect: true, strictFileInteractability: false, timeouts: {implicit: 0, pageLoad: 300000, script: 30000}, unhandledPromptBehavior: dismiss and notify, webauthn:extension:credBlob: true, webauthn:extension:largeBlob: true, webauthn:extension:minPinLength: true, webauthn:extension:prf: true, webauthn:virtualAuthenticators: true}
Element: [[ChromeDriver: chrome on windows (594f7e4ad715a299e6b585343bd0e122)] -&gt; xpath: //button[text()[normalize-space()=&apos;Add domain&apos;]]]
Session ID: 594f7e4ad715a299e6b585343bd0e122
	at org.openqa.selenium.remote.ErrorCodec.decode(ErrorCodec.java:167)
	at org.openqa.selenium.remote.codec.w3c.W3CHttpResponseCodec.decode(W3CHttpResponseCodec.java:138)
	at org.openqa.selenium.remote.codec.w3c.W3CHttpResponseCodec.decode(W3CHttpResponseCodec.java:50)
	at org.openqa.selenium.remote.HttpCommandExecutor.execute(HttpCommandExecutor.java:190)
	at org.openqa.selenium.remote.service.DriverCommandExecutor.invokeExecute(DriverCommandExecutor.java:216)
	at org.openqa.selenium.remote.service.DriverCommandExecutor.execute(DriverCommandExecutor.java:174)
	at org.openqa.selenium.remote.RemoteWebDriver.execute(RemoteWebDriver.java:518)
	at org.openqa.selenium.remote.RemoteWebElement.execute(RemoteWebElement.java:223)
	at org.openqa.selenium.remote.RemoteWebElement.click(RemoteWebElement.java:76)
	at pom.pageElements.steps(pageElements.java:29)
	at TestCases.VerifyTagTest.tagTestSteps(VerifyTagTest.java:20)
	at java.base/java.util.ArrayList.forEach(ArrayList.java:1596)
... Removed 28 stack frames
</div> <!-- stack-trace -->
                </div> <!-- method-content -->
              </div> <!-- method -->
              <div class="method">
                <div class="method-content">
                  <a name="tagTestSteps(https://castelbel.hk/, G-JV8HRD5LHW, GTM-WV54F6S)">
                  </a> <!-- tagTestSteps(https://castelbel.hk/, G-JV8HRD5LHW, GTM-WV54F6S) -->
                  <span class="method-name">tagTestSteps</span>
                  <span class="parameters">(https://castelbel.hk/,G-JV8HRD5LHW,GTM-WV54F6S)</span>
                  <div class="stack-trace">org.openqa.selenium.NoSuchElementException: no such element: Unable to locate element: {&quot;method&quot;:&quot;css selector&quot;,&quot;selector&quot;:&quot;.__TAG_ASSISTANT_BADGE&quot;}
  (Session info: chrome=131.0.6778.140)
For documentation on this error, please visit: https://www.selenium.dev/documentation/webdriver/troubleshooting/errors#no-such-element-exception
Build info: version: &apos;4.19.1&apos;, revision: &apos;abe0ee07dc&apos;
System info: os.name: &apos;Windows 11&apos;, os.arch: &apos;amd64&apos;, os.version: &apos;10.0&apos;, java.version: &apos;21.0.2&apos;
Driver info: org.openqa.selenium.chrome.ChromeDriver
Command: [594f7e4ad715a299e6b585343bd0e122, findElement {value=__TAG_ASSISTANT_BADGE, using=class name}]
Capabilities {acceptInsecureCerts: false, browserName: chrome, browserVersion: 131.0.6778.140, chrome: {chromedriverVersion: 131.0.6778.108 (3b014839fbc..., userDataDir: C:\Temp\scoped_dir20736_208...}, fedcm:accounts: true, goog:chromeOptions: {debuggerAddress: localhost:51149}, networkConnectionEnabled: false, pageLoadStrategy: normal, platformName: windows, proxy: Proxy(), se:cdp: ws://localhost:51149/devtoo..., se:cdpVersion: 131.0.6778.140, setWindowRect: true, strictFileInteractability: false, timeouts: {implicit: 0, pageLoad: 300000, script: 30000}, unhandledPromptBehavior: dismiss and notify, webauthn:extension:credBlob: true, webauthn:extension:largeBlob: true, webauthn:extension:minPinLength: true, webauthn:extension:prf: true, webauthn:virtualAuthenticators: true}
Session ID: 594f7e4ad715a299e6b585343bd0e122
	at org.openqa.selenium.remote.ErrorCodec.decode(ErrorCodec.java:167)
	at org.openqa.selenium.remote.codec.w3c.W3CHttpResponseCodec.decode(W3CHttpResponseCodec.java:138)
	at org.openqa.selenium.remote.codec.w3c.W3CHttpResponseCodec.decode(W3CHttpResponseCodec.java:50)
	at org.openqa.selenium.remote.HttpCommandExecutor.execute(HttpCommandExecutor.java:190)
	at org.openqa.selenium.remote.service.DriverCommandExecutor.invokeExecute(DriverCommandExecutor.java:216)
	at org.openqa.selenium.remote.service.DriverCommandExecutor.execute(DriverCommandExecutor.java:174)
	at org.openqa.selenium.remote.RemoteWebDriver.execute(RemoteWebDriver.java:518)
	at org.openqa.selenium.remote.ElementLocation$ElementFinder$2.findElement(ElementLocation.java:165)
	at org.openqa.selenium.remote.ElementLocation.findElement(ElementLocation.java:59)
	at org.openqa.selenium.remote.RemoteWebDriver.findElement(RemoteWebDriver.java:355)
	at org.openqa.selenium.remote.RemoteWebDriver.findElement(RemoteWebDriver.java:349)
	at pom.pageElements.steps(pageElements.java:52)
	at TestCases.VerifyTagTest.tagTestSteps(VerifyTagTest.java:20)
	at java.base/java.util.ArrayList.forEach(ArrayList.java:1596)
... Removed 28 stack frames
</div> <!-- stack-trace -->
                </div> <!-- method-content -->
              </div> <!-- method -->
              <div class="method">
                <div class="method-content">
                  <a name="tagTestSteps(https://www.allrefrigerants.com/, G-ZQ08J2KHQ9, GTM-MC334VD)">
                  </a> <!-- tagTestSteps(https://www.allrefrigerants.com/, G-ZQ08J2KHQ9, GTM-MC334VD) -->
                  <span class="method-name">tagTestSteps</span>
                  <span class="parameters">(https://www.allrefrigerants.com/,G-ZQ08J2KHQ9,GTM-MC334VD)</span>
                  <div class="stack-trace">org.openqa.selenium.NoSuchElementException: no such element: Unable to locate element: {&quot;method&quot;:&quot;css selector&quot;,&quot;selector&quot;:&quot;.__TAG_ASSISTANT_BADGE&quot;}
  (Session info: chrome=131.0.6778.140)
For documentation on this error, please visit: https://www.selenium.dev/documentation/webdriver/troubleshooting/errors#no-such-element-exception
Build info: version: &apos;4.19.1&apos;, revision: &apos;abe0ee07dc&apos;
System info: os.name: &apos;Windows 11&apos;, os.arch: &apos;amd64&apos;, os.version: &apos;10.0&apos;, java.version: &apos;21.0.2&apos;
Driver info: org.openqa.selenium.chrome.ChromeDriver
Command: [594f7e4ad715a299e6b585343bd0e122, findElement {value=__TAG_ASSISTANT_BADGE, using=class name}]
Capabilities {acceptInsecureCerts: false, browserName: chrome, browserVersion: 131.0.6778.140, chrome: {chromedriverVersion: 131.0.6778.108 (3b014839fbc..., userDataDir: C:\Temp\scoped_dir20736_208...}, fedcm:accounts: true, goog:chromeOptions: {debuggerAddress: localhost:51149}, networkConnectionEnabled: false, pageLoadStrategy: normal, platformName: windows, proxy: Proxy(), se:cdp: ws://localhost:51149/devtoo..., se:cdpVersion: 131.0.6778.140, setWindowRect: true, strictFileInteractability: false, timeouts: {implicit: 0, pageLoad: 300000, script: 30000}, unhandledPromptBehavior: dismiss and notify, webauthn:extension:credBlob: true, webauthn:extension:largeBlob: true, webauthn:extension:minPinLength: true, webauthn:extension:prf: true, webauthn:virtualAuthenticators: true}
Session ID: 594f7e4ad715a299e6b585343bd0e122
	at org.openqa.selenium.remote.ErrorCodec.decode(ErrorCodec.java:167)
	at org.openqa.selenium.remote.codec.w3c.W3CHttpResponseCodec.decode(W3CHttpResponseCodec.java:138)
	at org.openqa.selenium.remote.codec.w3c.W3CHttpResponseCodec.decode(W3CHttpResponseCodec.java:50)
	at org.openqa.selenium.remote.HttpCommandExecutor.execute(HttpCommandExecutor.java:190)
	at org.openqa.selenium.remote.service.DriverCommandExecutor.invokeExecute(DriverCommandExecutor.java:216)
	at org.openqa.selenium.remote.service.DriverCommandExecutor.execute(DriverCommandExecutor.java:174)
	at org.openqa.selenium.remote.RemoteWebDriver.execute(RemoteWebDriver.java:518)
	at org.openqa.selenium.remote.ElementLocation$ElementFinder$2.findElement(ElementLocation.java:165)
	at org.openqa.selenium.remote.ElementLocation.findElement(ElementLocation.java:59)
	at org.openqa.selenium.remote.RemoteWebDriver.findElement(RemoteWebDriver.java:355)
	at org.openqa.selenium.remote.RemoteWebDriver.findElement(RemoteWebDriver.java:349)
	at pom.pageElements.steps(pageElements.java:52)
	at TestCases.VerifyTagTest.tagTestSteps(VerifyTagTest.java:20)
	at java.base/java.util.ArrayList.forEach(ArrayList.java:1596)
... Removed 28 stack frames
</div> <!-- stack-trace -->
                </div> <!-- method-content -->
              </div> <!-- method -->
            </div> <!-- main-panel-content rounded-window-bottom -->
          </div> <!-- suite-Suite-class-skipped -->
          <div class="suite-Suite-class-passed">
            <div class="main-panel-header rounded-window-top">
              <img src="passed.png"/>
              <span class="class-name">TestCases.VerifyTagTest</span>
            </div> <!-- main-panel-header rounded-window-top -->
            <div class="main-panel-content rounded-window-bottom">
              <div class="method">
                <div class="method-content">
                  <a name="tagTestSteps(https://www.irl.co.in/, G-WF2QL7VYKC, GTM-5F73Z62)">
                  </a> <!-- tagTestSteps(https://www.irl.co.in/, G-WF2QL7VYKC, GTM-5F73Z62) -->
                  <span class="method-name">tagTestSteps</span>
                  <span class="parameters">(https://www.irl.co.in/,G-WF2QL7VYKC,GTM-5F73Z62)</span>
                </div> <!-- method-content -->
              </div> <!-- method -->
              <div class="method">
                <div class="method-content">
                  <a name="tagTestSteps(https://www.leadsnursery.com/, G-2Y8JNV0SZV, GTM-5RZFXLX)">
                  </a> <!-- tagTestSteps(https://www.leadsnursery.com/, G-2Y8JNV0SZV, GTM-5RZFXLX) -->
                  <span class="method-name">tagTestSteps</span>
                  <span class="parameters">(https://www.leadsnursery.com/,G-2Y8JNV0SZV,GTM-5RZFXLX)</span>
                </div> <!-- method-content -->
              </div> <!-- method -->
              <div class="method">
                <div class="method-content">
                  <a name="tagTestSteps(https://www.gdata.in/, G-5FG1J90486, GTM-WKLN4BF)">
                  </a> <!-- tagTestSteps(https://www.gdata.in/, G-5FG1J90486, GTM-WKLN4BF) -->
                  <span class="method-name">tagTestSteps</span>
                  <span class="parameters">(https://www.gdata.in/,G-5FG1J90486,GTM-WKLN4BF)</span>
                </div> <!-- method-content -->
              </div> <!-- method -->
              <div class="method">
                <div class="method-content">
                  <a name="tagTestSteps(https://www.liquidz.com.hk/, G-7TFPY3J2DE, GTM-N8ZNBVL)">
                  </a> <!-- tagTestSteps(https://www.liquidz.com.hk/, G-7TFPY3J2DE, GTM-N8ZNBVL) -->
                  <span class="method-name">tagTestSteps</span>
                  <span class="parameters">(https://www.liquidz.com.hk/,G-7TFPY3J2DE,GTM-N8ZNBVL)</span>
                </div> <!-- method-content -->
              </div> <!-- method -->
            </div> <!-- main-panel-content rounded-window-bottom -->
          </div> <!-- suite-Suite-class-passed -->
        </div> <!-- panel Suite -->
        <div panel-name="test-xml-Suite" class="panel">
          <div class="main-panel-header rounded-window-top">
            <span class="header-content">D:\Software automation\GoogleTags\testng2.xml</span>
          </div> <!-- main-panel-header rounded-window-top -->
          <div class="main-panel-content rounded-window-bottom">
            <pre>
&lt;?xml version=&quot;1.0&quot; encoding=&quot;UTF-8&quot;?&gt;
&lt;!DOCTYPE suite SYSTEM &quot;https://testng.org/testng-1.0.dtd&quot;&gt;
&lt;suite name=&quot;Suite&quot; guice-stage=&quot;DEVELOPMENT&quot;&gt;
  &lt;listeners&gt;
    &lt;listener class-name=&quot;utilities.ExtentListenerNG&quot;/&gt;
  &lt;/listeners&gt;
  &lt;test thread-count=&quot;5&quot; name=&quot;Test&quot;&gt;
    &lt;parameter name=&quot;browser&quot; value=&quot;chrome&quot;/&gt;
    &lt;classes&gt;
      &lt;class name=&quot;TestCases.VerifyTagTest&quot;/&gt;
    &lt;/classes&gt;
  &lt;/test&gt; &lt;!-- Test --&gt;
&lt;/suite&gt; &lt;!-- Suite --&gt;
            </pre>
          </div> <!-- main-panel-content rounded-window-bottom -->
        </div> <!-- panel -->
        <div panel-name="testlist-Suite" class="panel">
          <div class="main-panel-header rounded-window-top">
            <span class="header-content">Tests for Suite</span>
          </div> <!-- main-panel-header rounded-window-top -->
          <div class="main-panel-content rounded-window-bottom">
            <ul>
              <li>
                <span class="test-name">Test (1 class)</span>
              </li>
            </ul>
          </div> <!-- main-panel-content rounded-window-bottom -->
        </div> <!-- panel -->
        <div panel-name="group-Suite" class="panel">
          <div class="main-panel-header rounded-window-top">
            <span class="header-content">Groups for Suite</span>
          </div> <!-- main-panel-header rounded-window-top -->
          <div class="main-panel-content rounded-window-bottom">
          </div> <!-- main-panel-content rounded-window-bottom -->
        </div> <!-- panel -->
        <div panel-name="times-Suite" class="panel">
          <div class="main-panel-header rounded-window-top">
            <span class="header-content">Times for Suite</span>
          </div> <!-- main-panel-header rounded-window-top -->
          <div class="main-panel-content rounded-window-bottom">
            <div class="times-div">
              <script type="text/javascript">
suiteTableInitFunctions.push('tableData_Suite');
function tableData_Suite() {
var data = new google.visualization.DataTable();
data.addColumn('number', 'Number');
data.addColumn('string', 'Method');
data.addColumn('string', 'Class');
data.addColumn('number', 'Time (ms)');
data.addRows(22);
data.setCell(0, 0, 0)
data.setCell(0, 1, 'tagTestSteps')
data.setCell(0, 2, 'TestCases.VerifyTagTest')
data.setCell(0, 3, 57815);
data.setCell(1, 0, 1)
data.setCell(1, 1, 'tagTestSteps')
data.setCell(1, 2, 'TestCases.VerifyTagTest')
data.setCell(1, 3, 54130);
data.setCell(2, 0, 2)
data.setCell(2, 1, 'tagTestSteps')
data.setCell(2, 2, 'TestCases.VerifyTagTest')
data.setCell(2, 3, 53963);
data.setCell(3, 0, 3)
data.setCell(3, 1, 'tagTestSteps')
data.setCell(3, 2, 'TestCases.VerifyTagTest')
data.setCell(3, 3, 52549);
data.setCell(4, 0, 4)
data.setCell(4, 1, 'tagTestSteps')
data.setCell(4, 2, 'TestCases.VerifyTagTest')
data.setCell(4, 3, 44550);
data.setCell(5, 0, 5)
data.setCell(5, 1, 'tagTestSteps')
data.setCell(5, 2, 'TestCases.VerifyTagTest')
data.setCell(5, 3, 43890);
data.setCell(6, 0, 6)
data.setCell(6, 1, 'tagTestSteps')
data.setCell(6, 2, 'TestCases.VerifyTagTest')
data.setCell(6, 3, 43178);
data.setCell(7, 0, 7)
data.setCell(7, 1, 'tagTestSteps')
data.setCell(7, 2, 'TestCases.VerifyTagTest')
data.setCell(7, 3, 43149);
data.setCell(8, 0, 8)
data.setCell(8, 1, 'tagTestSteps')
data.setCell(8, 2, 'TestCases.VerifyTagTest')
data.setCell(8, 3, 42653);
data.setCell(9, 0, 9)
data.setCell(9, 1, 'tagTestSteps')
data.setCell(9, 2, 'TestCases.VerifyTagTest')
data.setCell(9, 3, 42639);
data.setCell(10, 0, 10)
data.setCell(10, 1, 'tagTestSteps')
data.setCell(10, 2, 'TestCases.VerifyTagTest')
data.setCell(10, 3, 42539);
data.setCell(11, 0, 11)
data.setCell(11, 1, 'tagTestSteps')
data.setCell(11, 2, 'TestCases.VerifyTagTest')
data.setCell(11, 3, 42411);
data.setCell(12, 0, 12)
data.setCell(12, 1, 'tagTestSteps')
data.setCell(12, 2, 'TestCases.VerifyTagTest')
data.setCell(12, 3, 41652);
data.setCell(13, 0, 13)
data.setCell(13, 1, 'tagTestSteps')
data.setCell(13, 2, 'TestCases.VerifyTagTest')
data.setCell(13, 3, 5577);
data.setCell(14, 0, 14)
data.setCell(14, 1, 'tagTestSteps')
data.setCell(14, 2, 'TestCases.VerifyTagTest')
data.setCell(14, 3, 4512);
data.setCell(15, 0, 15)
data.setCell(15, 1, 'tagTestSteps')
data.setCell(15, 2, 'TestCases.VerifyTagTest')
data.setCell(15, 3, 4496);
data.setCell(16, 0, 16)
data.setCell(16, 1, 'tagTestSteps')
data.setCell(16, 2, 'TestCases.VerifyTagTest')
data.setCell(16, 3, 4340);
data.setCell(17, 0, 17)
data.setCell(17, 1, 'tagTestSteps')
data.setCell(17, 2, 'TestCases.VerifyTagTest')
data.setCell(17, 3, 3948);
data.setCell(18, 0, 18)
data.setCell(18, 1, 'tagTestSteps')
data.setCell(18, 2, 'TestCases.VerifyTagTest')
data.setCell(18, 3, 3850);
data.setCell(19, 0, 19)
data.setCell(19, 1, 'tagTestSteps')
data.setCell(19, 2, 'TestCases.VerifyTagTest')
data.setCell(19, 3, 3158);
data.setCell(20, 0, 20)
data.setCell(20, 1, 'tagTestSteps')
data.setCell(20, 2, 'TestCases.VerifyTagTest')
data.setCell(20, 3, 2450);
data.setCell(21, 0, 21)
data.setCell(21, 1, 'tagTestSteps')
data.setCell(21, 2, 'TestCases.VerifyTagTest')
data.setCell(21, 3, 2358);
window.suiteTableData['Suite']= { tableData: data, tableDiv: 'times-div-Suite'}
return data;
}
              </script>
              <span class="suite-total-time">Total running time: 10 minutes</span>
              <div id="times-div-Suite">
              </div> <!-- times-div-Suite -->
            </div> <!-- times-div -->
          </div> <!-- main-panel-content rounded-window-bottom -->
        </div> <!-- panel -->
        <div panel-name="reporter-Suite" class="panel">
          <div class="main-panel-header rounded-window-top">
            <span class="header-content">Reporter output for Suite</span>
          </div> <!-- main-panel-header rounded-window-top -->
          <div class="main-panel-content rounded-window-bottom">
          </div> <!-- main-panel-content rounded-window-bottom -->
        </div> <!-- panel -->
        <div panel-name="ignored-methods-Suite" class="panel">
          <div class="main-panel-header rounded-window-top">
            <span class="header-content">0 ignored methods</span>
          </div> <!-- main-panel-header rounded-window-top -->
          <div class="main-panel-content rounded-window-bottom">
          </div> <!-- main-panel-content rounded-window-bottom -->
        </div> <!-- panel -->
        <div panel-name="chronological-Suite" class="panel">
          <div class="main-panel-header rounded-window-top">
            <span class="header-content">Methods in chronological order</span>
          </div> <!-- main-panel-header rounded-window-top -->
          <div class="main-panel-content rounded-window-bottom">
            <div class="chronological-class">
              <div class="chronological-class-name">TestCases.VerifyTagTest</div> <!-- chronological-class-name -->
              <div class="configuration-test before">
                <span class="method-name">setUp(chrome)</span>
                <span class="method-start">0 ms</span>
              </div> <!-- configuration-test before -->
              <div class="test-method">
                <span class="method-name">tagTestSteps(https://www.liquidz.com.hk/, G-7TFPY3J2DE, GTM-N8ZNBVL)</span>
                <span class="method-start">12107 ms</span>
              </div> <!-- test-method -->
              <div class="test-method">
                <span class="method-name">tagTestSteps(https://www.leadsnursery.com/, G-2Y8JNV0SZV, GTM-5RZFXLX)</span>
                <span class="method-start">69937 ms</span>
              </div> <!-- test-method -->
              <div class="test-method">
                <span class="method-name">tagTestSteps(https://www.gdata.in/, G-5FG1J90486, GTM-WKLN4BF)</span>
                <span class="method-start">122489 ms</span>
              </div> <!-- test-method -->
              <div class="test-method">
                <span class="method-name">tagTestSteps(https://www.irl.co.in/, G-WF2QL7VYKC, GTM-5F73Z62)</span>
                <span class="method-start">176635 ms</span>
              </div> <!-- test-method -->
              <div class="test-method">
                <span class="method-name">tagTestSteps(https://inco.in/, G-6D4VHD6302, GTM-T9V3XLG)</span>
                <span class="method-start">230607 ms</span>
              </div> <!-- test-method -->
              <div class="test-method">
                <span class="method-name">tagTestSteps(https://inco.in/, G-6D4VHD6302, GTM-T9V3XLG)</span>
                <span class="method-start">273928 ms</span>
              </div> <!-- test-method -->
              <div class="test-method">
                <img src="failed.png">
                </img>
                <span class="method-name">tagTestSteps(https://inco.in/, G-6D4VHD6302, GTM-T9V3XLG)</span>
                <span class="method-start">318481 ms</span>
              </div> <!-- test-method -->
              <div class="test-method">
                <span class="method-name">tagTestSteps(https://patialahouse.ae/, G-91V1KL6Z7X, GTM-KP7FZ7R)</span>
                <span class="method-start">361188 ms</span>
              </div> <!-- test-method -->
              <div class="test-method">
                <span class="method-name">tagTestSteps(https://patialahouse.ae/, G-91V1KL6Z7X, GTM-KP7FZ7R)</span>
                <span class="method-start">366778 ms</span>
              </div> <!-- test-method -->
              <div class="test-method">
                <img src="failed.png">
                </img>
                <span class="method-name">tagTestSteps(https://patialahouse.ae/, G-91V1KL6Z7X, GTM-KP7FZ7R)</span>
                <span class="method-start">371120 ms</span>
              </div> <!-- test-method -->
              <div class="test-method">
                <span class="method-name">tagTestSteps(https://www.allrefrigerants.com/, G-ZQ08J2KHQ9, GTM-MC334VD)</span>
                <span class="method-start">375224 ms</span>
              </div> <!-- test-method -->
              <div class="test-method">
                <span class="method-name">tagTestSteps(https://www.allrefrigerants.com/, G-ZQ08J2KHQ9, GTM-MC334VD)</span>
                <span class="method-start">379080 ms</span>
              </div> <!-- test-method -->
              <div class="test-method">
                <img src="failed.png">
                </img>
                <span class="method-name">tagTestSteps(https://www.allrefrigerants.com/, G-ZQ08J2KHQ9, GTM-MC334VD)</span>
                <span class="method-start">421557 ms</span>
              </div> <!-- test-method -->
              <div class="test-method">
                <span class="method-name">tagTestSteps(https://exclusive-venue.com/, G-BHBPQB3LZE, 0)</span>
                <span class="method-start">464828 ms</span>
              </div> <!-- test-method -->
              <div class="test-method">
                <span class="method-name">tagTestSteps(https://exclusive-venue.com/, G-BHBPQB3LZE, 0)</span>
                <span class="method-start">508721 ms</span>
              </div> <!-- test-method -->
              <div class="test-method">
                <img src="failed.png">
                </img>
                <span class="method-name">tagTestSteps(https://exclusive-venue.com/, G-BHBPQB3LZE, 0)</span>
                <span class="method-start">551366 ms</span>
              </div> <!-- test-method -->
              <div class="test-method">
                <span class="method-name">tagTestSteps(https://castelbel.hk/, G-JV8HRD5LHW, GTM-WV54F6S)</span>
                <span class="method-start">554650 ms</span>
              </div> <!-- test-method -->
              <div class="test-method">
                <span class="method-name">tagTestSteps(https://castelbel.hk/, G-JV8HRD5LHW, GTM-WV54F6S)</span>
                <span class="method-start">596313 ms</span>
              </div> <!-- test-method -->
              <div class="test-method">
                <img src="failed.png">
                </img>
                <span class="method-name">tagTestSteps(https://castelbel.hk/, G-JV8HRD5LHW, GTM-WV54F6S)</span>
                <span class="method-start">638969 ms</span>
              </div> <!-- test-method -->
              <div class="test-method">
                <span class="method-name">tagTestSteps(https://datawave.hk/, G-XD4HJKMN5J, GTM-T8W4LRF)</span>
                <span class="method-start">641502 ms</span>
              </div> <!-- test-method -->
              <div class="test-method">
                <span class="method-name">tagTestSteps(https://datawave.hk/, G-XD4HJKMN5J, GTM-T8W4LRF)</span>
                <span class="method-start">646018 ms</span>
              </div> <!-- test-method -->
              <div class="test-method">
                <img src="failed.png">
                </img>
                <span class="method-name">tagTestSteps(https://datawave.hk/, G-XD4HJKMN5J, GTM-T8W4LRF)</span>
                <span class="method-start">650518 ms</span>
              </div> <!-- test-method -->
              <div class="configuration-test after">
                <span class="method-name">tearDown</span>
                <span class="method-start">653132 ms</span>
              </div> <!-- configuration-test after -->
          </div> <!-- main-panel-content rounded-window-bottom -->
        </div> <!-- panel -->
      </div> <!-- main-panel-root -->
    </div> <!-- wrapper -->
  </body>
<script type="text/javascript" src="testng-reports2.js"></script>
</html>
